This is pdfTeX, Version 3.141592653-2.6-1.40.25 (TeX Live 2023) (preloaded format=pdflatex 2023.8.30)  2 OCT 2023 13:56
entering extended mode
 restricted \write18 enabled.
 file:line:error style messages enabled.
 %&-line parsing enabled.
**main.tex
(./main.tex
LaTeX2e <2023-06-01> patch level 1
L3 programming layer <2023-08-11>
(/usr/local/texlive/2023/texmf-dist/tex/latex/exam/exam.cls
Document Class: exam 2023/07/09 Version 2.704 by Philip Hirschhorn
(/usr/local/texlive/2023/texmf-dist/tex/latex/base/ifthen.sty
Package: ifthen 2022/04/13 v1.1d Standard LaTeX ifthen package (DPC)
)
(/usr/local/texlive/2023/texmf-dist/tex/latex/base/article.cls
Document Class: article 2023/05/17 v1.4n Standard LaTeX document class
(/usr/local/texlive/2023/texmf-dist/tex/latex/base/size10.clo
File: size10.clo 2023/05/17 v1.4n Standard LaTeX file (size option)
)
\c@part=\count185
\c@section=\count186
\c@subsection=\count187
\c@subsubsection=\count188
\c@paragraph=\count189
\c@subparagraph=\count190
\c@figure=\count191
\c@table=\count192
\abovecaptionskip=\skip48
\belowcaptionskip=\skip49
\bibindent=\dimen140
)
\@extrawidth=\skip50
\@rightmargin=\skip51
\@extrahead=\skip52
\@extrafoot=\skip53
\run@exhd=\skip54
\fp@exhd=\skip55
\run@exft=\skip56
\fp@exft=\skip57
\covrun@exhd=\skip58
\covfp@exhd=\skip59
\covrun@exft=\skip60
\covfp@exft=\skip61
\c@num@coverpages=\count193
\c@latest@ques=\count194
\c@ques@end=\count195
\c@last@object=\count196
\c@incmp@ques=\count197
\c@next@ques=\count198
\c@next@page=\count199
\c@tmp@hlfcntr=\count266
\c@ifpos@cntr=\count267
\c@question=\count268
\c@partno=\count269
\c@subpart=\count270
\c@subsubpart=\count271
\c@choice=\count272
\c@numpoints=\count273
\c@numbonuspoints=\count274
\c@pointsof@thisquestion=\count275
\c@bonuspointsof@thisquestion=\count276
\c@numquestions=\count277
\c@numparts=\count278
\c@numsubparts=\count279
\c@numsubsubparts=\count280
\c@Curr@Page=\count281
\c@@pagepoints=\count282
\c@@pagebonuspoints=\count283
\c@pageof@pagepoints=\count284
\c@pageof@pagebonuspoints=\count285
\c@latest@points=\count286
\c@latest@bonuspoints=\count287
\pageinfo@commands=\toks17
\temp@toks=\toks18
\pagepoint@commands=\toks19
\point@toks=\toks20
\c@ques@object=\count288
\marginpointssep=\skip62
\rightpointsmargin=\skip63
\choice@toks=\toks21
\answerlinelength=\skip64
\answerskip=\skip65
\answerclearance=\skip66
\fillinlinelength=\skip67
\linefillheight=\skip68
\linefillthickness=\skip69
\dottedlinefillheight=\skip70
\gridsize=\skip71
\gridlinewidth=\skip72
\minboxheight=\skip73
\c@@iterator=\count289
\@cellwidth=\skip74
\c@tbl@points=\count290
\c@tbl@bonuspoints=\count291
\c@pq@index=\count292
\c@pq@index@pts=\count293
\c@pq@index@bpts=\count294
\c@num@cols=\count295
\c@num@rows=\count296
\c@current@row=\count297
\c@cols@done=\count298
\c@exam@saved@eqnum=\count299
\exam@box=\box51
\saved@totalleftmargin=\dimen141
\@sollistdepth=\count300
\exam@FrameRule=\dimen142
\exam@FrameSep=\dimen143
)
(/usr/local/texlive/2023/texmf-dist/tex/latex/graphics/graphicx.sty
Package: graphicx 2021/09/16 v1.2d Enhanced LaTeX Graphics (DPC,SPQR)

(/usr/local/texlive/2023/texmf-dist/tex/latex/graphics/keyval.sty
Package: keyval 2022/05/29 v1.15 key=value parser (DPC)
\KV@toks@=\toks22
)
(/usr/local/texlive/2023/texmf-dist/tex/latex/graphics/graphics.sty
Package: graphics 2022/03/10 v1.4e Standard LaTeX Graphics (DPC,SPQR)

(/usr/local/texlive/2023/texmf-dist/tex/latex/graphics/trig.sty
Package: trig 2021/08/11 v1.11 sin cos tan (DPC)
)
(/usr/local/texlive/2023/texmf-dist/tex/latex/graphics-cfg/graphics.cfg
File: graphics.cfg 2016/06/04 v1.11 sample graphics configuration
)
Package graphics Info: Driver file: pdftex.def on input line 107.

(/usr/local/texlive/2023/texmf-dist/tex/latex/graphics-def/pdftex.def
File: pdftex.def 2022/09/22 v1.2b Graphics/color driver for pdftex
))
\Gin@req@height=\dimen144
\Gin@req@width=\dimen145
)
(/usr/local/texlive/2023/texmf-dist/tex/latex/amsmath/amsmath.sty
Package: amsmath 2023/05/13 v2.17o AMS math features
\@mathmargin=\skip75

For additional information on amsmath, use the `?' option.
(/usr/local/texlive/2023/texmf-dist/tex/latex/amsmath/amstext.sty
Package: amstext 2021/08/26 v2.01 AMS text

(/usr/local/texlive/2023/texmf-dist/tex/latex/amsmath/amsgen.sty
File: amsgen.sty 1999/11/30 v2.0 generic functions
\@emptytoks=\toks23
\ex@=\dimen146
))
(/usr/local/texlive/2023/texmf-dist/tex/latex/amsmath/amsbsy.sty
Package: amsbsy 1999/11/29 v1.2d Bold Symbols
\pmbraise@=\dimen147
)
(/usr/local/texlive/2023/texmf-dist/tex/latex/amsmath/amsopn.sty
Package: amsopn 2022/04/08 v2.04 operator names
)
\inf@bad=\count301
LaTeX Info: Redefining \frac on input line 234.
\uproot@=\count302
\leftroot@=\count303
LaTeX Info: Redefining \overline on input line 399.
LaTeX Info: Redefining \colon on input line 410.
\classnum@=\count304
\DOTSCASE@=\count305
LaTeX Info: Redefining \ldots on input line 496.
LaTeX Info: Redefining \dots on input line 499.
LaTeX Info: Redefining \cdots on input line 620.
\Mathstrutbox@=\box52
\strutbox@=\box53
LaTeX Info: Redefining \big on input line 722.
LaTeX Info: Redefining \Big on input line 723.
LaTeX Info: Redefining \bigg on input line 724.
LaTeX Info: Redefining \Bigg on input line 725.
\big@size=\dimen148
LaTeX Font Info:    Redeclaring font encoding OML on input line 743.
LaTeX Font Info:    Redeclaring font encoding OMS on input line 744.
\macc@depth=\count306
LaTeX Info: Redefining \bmod on input line 905.
LaTeX Info: Redefining \pmod on input line 910.
LaTeX Info: Redefining \smash on input line 940.
LaTeX Info: Redefining \relbar on input line 970.
LaTeX Info: Redefining \Relbar on input line 971.
\c@MaxMatrixCols=\count307
\dotsspace@=\muskip16
\c@parentequation=\count308
\dspbrk@lvl=\count309
\tag@help=\toks24
\row@=\count310
\column@=\count311
\maxfields@=\count312
\andhelp@=\toks25
\eqnshift@=\dimen149
\alignsep@=\dimen150
\tagshift@=\dimen151
\tagwidth@=\dimen152
\totwidth@=\dimen153
\lineht@=\dimen154
\@envbody=\toks26
\multlinegap=\skip76
\multlinetaggap=\skip77
\mathdisplay@stack=\toks27
LaTeX Info: Redefining \[ on input line 2953.
LaTeX Info: Redefining \] on input line 2954.
)
(/usr/local/texlive/2023/texmf-dist/tex/latex/titling/titling.sty
Package: titling 2009/09/04 v2.1d maketitle typesetting
\thanksmarkwidth=\skip78
\thanksmargin=\skip79
\droptitle=\skip80
)
(/usr/local/texlive/2023/texmf-dist/tex/latex/caption/caption.sty
Package: caption 2023/07/31 v3.6n Customizing captions (AR)

(/usr/local/texlive/2023/texmf-dist/tex/latex/caption/caption3.sty
Package: caption3 2023/07/31 v2.4d caption3 kernel (AR)
\caption@tempdima=\dimen155
\captionmargin=\dimen156
\caption@leftmargin=\dimen157
\caption@rightmargin=\dimen158
\caption@width=\dimen159
\caption@indent=\dimen160
\caption@parindent=\dimen161
\caption@hangindent=\dimen162
Package caption Info: Standard document class detected.
)
\c@caption@flags=\count313
\c@continuedfloat=\count314
)
(/usr/local/texlive/2023/texmf-dist/tex/latex/doublestroke/dsfont.sty
Package: dsfont 1995/08/01 v0.1 Double stroke roman fonts
)
(/usr/local/texlive/2023/texmf-dist/tex/latex/amsfonts/amsfonts.sty
Package: amsfonts 2013/01/14 v3.01 Basic AMSFonts support
\symAMSa=\mathgroup4
\symAMSb=\mathgroup5
LaTeX Font Info:    Redeclaring math symbol \hbar on input line 98.
LaTeX Font Info:    Overwriting math alphabet `\mathfrak' in version `bold'
(Font)                  U/euf/m/n --> U/euf/b/n on input line 106.
)
(/usr/local/texlive/2023/texmf-dist/tex/latex/amscls/amsthm.sty
Package: amsthm 2020/05/29 v2.20.6
\thm@style=\toks28
\thm@bodyfont=\toks29
\thm@headfont=\toks30
\thm@notefont=\toks31
\thm@headpunct=\toks32
\thm@preskip=\skip81
\thm@postskip=\skip82
\thm@headsep=\skip83
\dth@everypar=\toks33
)
(/usr/local/texlive/2023/texmf-dist/tex/latex/hyperref/hyperref.sty
Package: hyperref 2023-07-08 v7.01b Hypertext links for LaTeX

(/usr/local/texlive/2023/texmf-dist/tex/generic/ltxcmds/ltxcmds.sty
Package: ltxcmds 2020-05-10 v1.25 LaTeX kernel commands for general use (HO)
)
(/usr/local/texlive/2023/texmf-dist/tex/generic/iftex/iftex.sty
Package: iftex 2022/02/03 v1.0f TeX engine tests
)
(/usr/local/texlive/2023/texmf-dist/tex/generic/pdftexcmds/pdftexcmds.sty
Package: pdftexcmds 2020-06-27 v0.33 Utility functions of pdfTeX for LuaTeX (HO
)

(/usr/local/texlive/2023/texmf-dist/tex/generic/infwarerr/infwarerr.sty
Package: infwarerr 2019/12/03 v1.5 Providing info/warning/error messages (HO)
)
Package pdftexcmds Info: \pdf@primitive is available.
Package pdftexcmds Info: \pdf@ifprimitive is available.
Package pdftexcmds Info: \pdfdraftmode found.
)
(/usr/local/texlive/2023/texmf-dist/tex/latex/kvsetkeys/kvsetkeys.sty
Package: kvsetkeys 2022-10-05 v1.19 Key value parser (HO)
)
(/usr/local/texlive/2023/texmf-dist/tex/generic/kvdefinekeys/kvdefinekeys.sty
Package: kvdefinekeys 2019-12-19 v1.6 Define keys (HO)
)
(/usr/local/texlive/2023/texmf-dist/tex/generic/pdfescape/pdfescape.sty
Package: pdfescape 2019/12/09 v1.15 Implements pdfTeX's escape features (HO)
)
(/usr/local/texlive/2023/texmf-dist/tex/latex/hycolor/hycolor.sty
Package: hycolor 2020-01-27 v1.10 Color options for hyperref/bookmark (HO)
)
(/usr/local/texlive/2023/texmf-dist/tex/latex/letltxmacro/letltxmacro.sty
Package: letltxmacro 2019/12/03 v1.6 Let assignment for LaTeX macros (HO)
)
(/usr/local/texlive/2023/texmf-dist/tex/latex/auxhook/auxhook.sty
Package: auxhook 2019-12-17 v1.6 Hooks for auxiliary files (HO)
)
(/usr/local/texlive/2023/texmf-dist/tex/latex/hyperref/nameref.sty
Package: nameref 2023-08-07 v2.53 Cross-referencing by name of section

(/usr/local/texlive/2023/texmf-dist/tex/latex/refcount/refcount.sty
Package: refcount 2019/12/15 v3.6 Data extraction from label references (HO)
)
(/usr/local/texlive/2023/texmf-dist/tex/generic/gettitlestring/gettitlestring.s
ty
Package: gettitlestring 2019/12/15 v1.6 Cleanup title references (HO)
 (/usr/local/texlive/2023/texmf-dist/tex/latex/kvoptions/kvoptions.sty
Package: kvoptions 2022-06-15 v3.15 Key value format for package options (HO)
))
\c@section@level=\count315
)
(/usr/local/texlive/2023/texmf-dist/tex/latex/etoolbox/etoolbox.sty
Package: etoolbox 2020/10/05 v2.5k e-TeX tools for LaTeX (JAW)
\etb@tempcnta=\count316
)
\@linkdim=\dimen163
\Hy@linkcounter=\count317
\Hy@pagecounter=\count318

(/usr/local/texlive/2023/texmf-dist/tex/latex/hyperref/pd1enc.def
File: pd1enc.def 2023-07-08 v7.01b Hyperref: PDFDocEncoding definition (HO)
Now handling font encoding PD1 ...
... no UTF-8 mapping file for font encoding PD1
)
(/usr/local/texlive/2023/texmf-dist/tex/generic/intcalc/intcalc.sty
Package: intcalc 2019/12/15 v1.3 Expandable calculations with integers (HO)
)
\Hy@SavedSpaceFactor=\count319

(/usr/local/texlive/2023/texmf-dist/tex/latex/hyperref/puenc.def
File: puenc.def 2023-07-08 v7.01b Hyperref: PDF Unicode definition (HO)
Now handling font encoding PU ...
... no UTF-8 mapping file for font encoding PU
)
Package hyperref Info: Hyper figures OFF on input line 4167.
Package hyperref Info: Link nesting OFF on input line 4172.
Package hyperref Info: Hyper index ON on input line 4175.
Package hyperref Info: Plain pages OFF on input line 4182.
Package hyperref Info: Backreferencing OFF on input line 4187.
Package hyperref Info: Implicit mode ON; LaTeX internals redefined.
Package hyperref Info: Bookmarks ON on input line 4434.
\c@Hy@tempcnt=\count320

(/usr/local/texlive/2023/texmf-dist/tex/latex/url/url.sty
\Urlmuskip=\muskip17
Package: url 2013/09/16  ver 3.4  Verb mode for urls, etc.
)
LaTeX Info: Redefining \url on input line 4772.
\XeTeXLinkMargin=\dimen164

(/usr/local/texlive/2023/texmf-dist/tex/generic/bitset/bitset.sty
Package: bitset 2019/12/09 v1.3 Handle bit-vector datatype (HO)

(/usr/local/texlive/2023/texmf-dist/tex/generic/bigintcalc/bigintcalc.sty
Package: bigintcalc 2019/12/15 v1.5 Expandable calculations on big integers (HO
)
))
\Fld@menulength=\count321
\Field@Width=\dimen165
\Fld@charsize=\dimen166
Package hyperref Info: Hyper figures OFF on input line 6051.
Package hyperref Info: Link nesting OFF on input line 6056.
Package hyperref Info: Hyper index ON on input line 6059.
Package hyperref Info: backreferencing OFF on input line 6066.
Package hyperref Info: Link coloring OFF on input line 6071.
Package hyperref Info: Link coloring with OCG OFF on input line 6076.
Package hyperref Info: PDF/A mode OFF on input line 6081.

(/usr/local/texlive/2023/texmf-dist/tex/latex/base/atbegshi-ltx.sty
Package: atbegshi-ltx 2021/01/10 v1.0c Emulation of the original atbegshi
package with kernel methods
)
\Hy@abspage=\count322
\c@Item=\count323
\c@Hfootnote=\count324
)
Package hyperref Info: Driver (autodetected): hpdftex.

(/usr/local/texlive/2023/texmf-dist/tex/latex/hyperref/hpdftex.def
File: hpdftex.def 2023-07-08 v7.01b Hyperref driver for pdfTeX

(/usr/local/texlive/2023/texmf-dist/tex/latex/base/atveryend-ltx.sty
Package: atveryend-ltx 2020/08/19 v1.0a Emulation of the original atveryend pac
kage
with kernel methods
)
\Fld@listcount=\count325
\c@bookmark@seq@number=\count326

(/usr/local/texlive/2023/texmf-dist/tex/latex/rerunfilecheck/rerunfilecheck.sty
Package: rerunfilecheck 2022-07-10 v1.10 Rerun checks for auxiliary files (HO)

(/usr/local/texlive/2023/texmf-dist/tex/generic/uniquecounter/uniquecounter.sty
Package: uniquecounter 2019/12/15 v1.4 Provide unlimited unique counter (HO)
)
Package uniquecounter Info: New unique counter `rerunfilecheck' on input line 2
85.
)
\Hy@SectionHShift=\skip84
) (/usr/local/texlive/2023/texmf-dist/tex/generic/babel/babel.sty
Package: babel 2023/07/15 v3.92 The Babel package
\babel@savecnt=\count327
\U@D=\dimen167
\l@unhyphenated=\language87

(/usr/local/texlive/2023/texmf-dist/tex/generic/babel/txtbabel.def)
\bbl@readstream=\read2
\bbl@dirlevel=\count328

(/usr/local/texlive/2023/texmf-dist/tex/generic/babel-dutch/dutch.ldf
Language: dutch 2021/08/29 v3.8l Dutch support from the babel system
Package babel Info: Making " an active character on input line 127.
))
(/usr/local/texlive/2023/texmf-dist/tex/generic/babel/locale/nl/babel-dutch.tex
Package babel Info: Importing font and identification data for dutch
(babel)             from babel-nl.ini. Reported on input line 11.
)
Package hyperref Info: Option `colorlinks' set `true' on input line 18.
 (./Commands/Setup.tex
(/usr/local/texlive/2023/texmf-dist/tex/latex/mdframed/mdframed.sty
Package: mdframed 2013/07/01 1.9b: mdframed

(/usr/local/texlive/2023/texmf-dist/tex/latex/l3packages/xparse/xparse.sty
(/usr/local/texlive/2023/texmf-dist/tex/latex/l3kernel/expl3.sty
Package: expl3 2023-08-11 L3 programming layer (loader) 

(/usr/local/texlive/2023/texmf-dist/tex/latex/l3backend/l3backend-pdftex.def
File: l3backend-pdftex.def 2023-04-19 L3 backend support: PDF output (pdfTeX)
\l__color_backend_stack_int=\count329
\l__pdf_internal_box=\box54
))
Package: xparse 2023-02-02 L3 Experimental document command parser
) (/usr/local/texlive/2023/texmf-dist/tex/latex/zref/zref-abspage.sty
Package: zref-abspage 2022-04-07 v2.34 Module abspage for zref (HO)

(/usr/local/texlive/2023/texmf-dist/tex/latex/zref/zref-base.sty
Package: zref-base 2022-04-07 v2.34 Module base for zref (HO)

(/usr/local/texlive/2023/texmf-dist/tex/generic/etexcmds/etexcmds.sty
Package: etexcmds 2019/12/15 v1.7 Avoid name clashes with e-TeX commands (HO)
)
Package zref Info: New property list: main on input line 767.
Package zref Info: New property: default on input line 768.
Package zref Info: New property: page on input line 769.
)
\c@abspage=\count330
Package zref Info: New property: abspage on input line 65.
)
(/usr/local/texlive/2023/texmf-dist/tex/latex/needspace/needspace.sty
Package: needspace 2010/09/12 v1.3d reserve vertical space
)
(/usr/local/texlive/2023/texmf-dist/tex/latex/graphics/color.sty
Package: color 2022/01/06 v1.3d Standard LaTeX Color (DPC)

(/usr/local/texlive/2023/texmf-dist/tex/latex/graphics-cfg/color.cfg
File: color.cfg 2016/01/02 v1.6 sample color configuration
)
Package color Info: Driver file: pdftex.def on input line 149.

(/usr/local/texlive/2023/texmf-dist/tex/latex/graphics/mathcolor.ltx))
\mdf@templength=\skip85
\c@mdf@globalstyle@cnt=\count331
\mdf@skipabove@length=\skip86
\mdf@skipbelow@length=\skip87
\mdf@leftmargin@length=\skip88
\mdf@rightmargin@length=\skip89
\mdf@innerleftmargin@length=\skip90
\mdf@innerrightmargin@length=\skip91
\mdf@innertopmargin@length=\skip92
\mdf@innerbottommargin@length=\skip93
\mdf@splittopskip@length=\skip94
\mdf@splitbottomskip@length=\skip95
\mdf@outermargin@length=\skip96
\mdf@innermargin@length=\skip97
\mdf@linewidth@length=\skip98
\mdf@innerlinewidth@length=\skip99
\mdf@middlelinewidth@length=\skip100
\mdf@outerlinewidth@length=\skip101
\mdf@roundcorner@length=\skip102
\mdf@footenotedistance@length=\skip103
\mdf@userdefinedwidth@length=\skip104
\mdf@needspace@length=\skip105
\mdf@frametitleaboveskip@length=\skip106
\mdf@frametitlebelowskip@length=\skip107
\mdf@frametitlerulewidth@length=\skip108
\mdf@frametitleleftmargin@length=\skip109
\mdf@frametitlerightmargin@length=\skip110
\mdf@shadowsize@length=\skip111
\mdf@extratopheight@length=\skip112
\mdf@subtitleabovelinewidth@length=\skip113
\mdf@subtitlebelowlinewidth@length=\skip114
\mdf@subtitleaboveskip@length=\skip115
\mdf@subtitlebelowskip@length=\skip116
\mdf@subtitleinneraboveskip@length=\skip117
\mdf@subtitleinnerbelowskip@length=\skip118
\mdf@subsubtitleabovelinewidth@length=\skip119
\mdf@subsubtitlebelowlinewidth@length=\skip120
\mdf@subsubtitleaboveskip@length=\skip121
\mdf@subsubtitlebelowskip@length=\skip122
\mdf@subsubtitleinneraboveskip@length=\skip123
\mdf@subsubtitleinnerbelowskip@length=\skip124

(/usr/local/texlive/2023/texmf-dist/tex/latex/pgf/frontendlayer/tikz.sty
(/usr/local/texlive/2023/texmf-dist/tex/latex/pgf/basiclayer/pgf.sty
(/usr/local/texlive/2023/texmf-dist/tex/latex/pgf/utilities/pgfrcs.sty
(/usr/local/texlive/2023/texmf-dist/tex/generic/pgf/utilities/pgfutil-common.te
x
\pgfutil@everybye=\toks34
\pgfutil@tempdima=\dimen168
\pgfutil@tempdimb=\dimen169
)
(/usr/local/texlive/2023/texmf-dist/tex/generic/pgf/utilities/pgfutil-latex.def
\pgfutil@abb=\box55
) (/usr/local/texlive/2023/texmf-dist/tex/generic/pgf/utilities/pgfrcs.code.tex
(/usr/local/texlive/2023/texmf-dist/tex/generic/pgf/pgf.revision.tex)
Package: pgfrcs 2023-01-15 v3.1.10 (3.1.10)
))
Package: pgf 2023-01-15 v3.1.10 (3.1.10)

(/usr/local/texlive/2023/texmf-dist/tex/latex/pgf/basiclayer/pgfcore.sty
(/usr/local/texlive/2023/texmf-dist/tex/latex/pgf/systemlayer/pgfsys.sty
(/usr/local/texlive/2023/texmf-dist/tex/generic/pgf/systemlayer/pgfsys.code.tex
Package: pgfsys 2023-01-15 v3.1.10 (3.1.10)
(/usr/local/texlive/2023/texmf-dist/tex/generic/pgf/utilities/pgfkeys.code.tex
\pgfkeys@pathtoks=\toks35
\pgfkeys@temptoks=\toks36

(/usr/local/texlive/2023/texmf-dist/tex/generic/pgf/utilities/pgfkeyslibraryfil
tered.code.tex
\pgfkeys@tmptoks=\toks37
))
\pgf@x=\dimen170
\pgf@y=\dimen171
\pgf@xa=\dimen172
\pgf@ya=\dimen173
\pgf@xb=\dimen174
\pgf@yb=\dimen175
\pgf@xc=\dimen176
\pgf@yc=\dimen177
\pgf@xd=\dimen178
\pgf@yd=\dimen179
\w@pgf@writea=\write3
\r@pgf@reada=\read3
\c@pgf@counta=\count332
\c@pgf@countb=\count333
\c@pgf@countc=\count334
\c@pgf@countd=\count335
\t@pgf@toka=\toks38
\t@pgf@tokb=\toks39
\t@pgf@tokc=\toks40
\pgf@sys@id@count=\count336

(/usr/local/texlive/2023/texmf-dist/tex/generic/pgf/systemlayer/pgf.cfg
File: pgf.cfg 2023-01-15 v3.1.10 (3.1.10)
)
Driver file for pgf: pgfsys-pdftex.def

(/usr/local/texlive/2023/texmf-dist/tex/generic/pgf/systemlayer/pgfsys-pdftex.d
ef
File: pgfsys-pdftex.def 2023-01-15 v3.1.10 (3.1.10)

(/usr/local/texlive/2023/texmf-dist/tex/generic/pgf/systemlayer/pgfsys-common-p
df.def
File: pgfsys-common-pdf.def 2023-01-15 v3.1.10 (3.1.10)
)))
(/usr/local/texlive/2023/texmf-dist/tex/generic/pgf/systemlayer/pgfsyssoftpath.
code.tex
File: pgfsyssoftpath.code.tex 2023-01-15 v3.1.10 (3.1.10)
\pgfsyssoftpath@smallbuffer@items=\count337
\pgfsyssoftpath@bigbuffer@items=\count338
)
(/usr/local/texlive/2023/texmf-dist/tex/generic/pgf/systemlayer/pgfsysprotocol.
code.tex
File: pgfsysprotocol.code.tex 2023-01-15 v3.1.10 (3.1.10)
)) (/usr/local/texlive/2023/texmf-dist/tex/latex/xcolor/xcolor.sty
Package: xcolor 2022/06/12 v2.14 LaTeX color extensions (UK)

(/usr/local/texlive/2023/texmf-dist/tex/latex/graphics-cfg/color.cfg
File: color.cfg 2016/01/02 v1.6 sample color configuration
)
Package xcolor Info: Driver file: pdftex.def on input line 227.
LaTeX Info: Redefining \color on input line 711.

(/usr/local/texlive/2023/texmf-dist/tex/latex/graphics/mathcolor.ltx)
Package xcolor Info: Model `cmy' substituted by `cmy0' on input line 1353.
Package xcolor Info: Model `hsb' substituted by `rgb' on input line 1357.
Package xcolor Info: Model `RGB' extended on input line 1369.
Package xcolor Info: Model `HTML' substituted by `rgb' on input line 1371.
Package xcolor Info: Model `Hsb' substituted by `hsb' on input line 1372.
Package xcolor Info: Model `tHsb' substituted by `hsb' on input line 1373.
Package xcolor Info: Model `HSB' substituted by `hsb' on input line 1374.
Package xcolor Info: Model `Gray' substituted by `gray' on input line 1375.
Package xcolor Info: Model `wave' substituted by `hsb' on input line 1376.
)
(/usr/local/texlive/2023/texmf-dist/tex/generic/pgf/basiclayer/pgfcore.code.tex
Package: pgfcore 2023-01-15 v3.1.10 (3.1.10)
(/usr/local/texlive/2023/texmf-dist/tex/generic/pgf/math/pgfmath.code.tex
(/usr/local/texlive/2023/texmf-dist/tex/generic/pgf/math/pgfmathutil.code.tex)
(/usr/local/texlive/2023/texmf-dist/tex/generic/pgf/math/pgfmathparser.code.tex
\pgfmath@dimen=\dimen180
\pgfmath@count=\count339
\pgfmath@box=\box56
\pgfmath@toks=\toks41
\pgfmath@stack@operand=\toks42
\pgfmath@stack@operation=\toks43
)
(/usr/local/texlive/2023/texmf-dist/tex/generic/pgf/math/pgfmathfunctions.code.
tex)
(/usr/local/texlive/2023/texmf-dist/tex/generic/pgf/math/pgfmathfunctions.basic
.code.tex)
(/usr/local/texlive/2023/texmf-dist/tex/generic/pgf/math/pgfmathfunctions.trigo
nometric.code.tex)
(/usr/local/texlive/2023/texmf-dist/tex/generic/pgf/math/pgfmathfunctions.rando
m.code.tex)
(/usr/local/texlive/2023/texmf-dist/tex/generic/pgf/math/pgfmathfunctions.compa
rison.code.tex)
(/usr/local/texlive/2023/texmf-dist/tex/generic/pgf/math/pgfmathfunctions.base.
code.tex)
(/usr/local/texlive/2023/texmf-dist/tex/generic/pgf/math/pgfmathfunctions.round
.code.tex)
(/usr/local/texlive/2023/texmf-dist/tex/generic/pgf/math/pgfmathfunctions.misc.
code.tex)
(/usr/local/texlive/2023/texmf-dist/tex/generic/pgf/math/pgfmathfunctions.integ
erarithmetics.code.tex)
(/usr/local/texlive/2023/texmf-dist/tex/generic/pgf/math/pgfmathcalc.code.tex)
(/usr/local/texlive/2023/texmf-dist/tex/generic/pgf/math/pgfmathfloat.code.tex
\c@pgfmathroundto@lastzeros=\count340
)) (/usr/local/texlive/2023/texmf-dist/tex/generic/pgf/math/pgfint.code.tex)
(/usr/local/texlive/2023/texmf-dist/tex/generic/pgf/basiclayer/pgfcorepoints.co
de.tex
File: pgfcorepoints.code.tex 2023-01-15 v3.1.10 (3.1.10)
\pgf@picminx=\dimen181
\pgf@picmaxx=\dimen182
\pgf@picminy=\dimen183
\pgf@picmaxy=\dimen184
\pgf@pathminx=\dimen185
\pgf@pathmaxx=\dimen186
\pgf@pathminy=\dimen187
\pgf@pathmaxy=\dimen188
\pgf@xx=\dimen189
\pgf@xy=\dimen190
\pgf@yx=\dimen191
\pgf@yy=\dimen192
\pgf@zx=\dimen193
\pgf@zy=\dimen194
)
(/usr/local/texlive/2023/texmf-dist/tex/generic/pgf/basiclayer/pgfcorepathconst
ruct.code.tex
File: pgfcorepathconstruct.code.tex 2023-01-15 v3.1.10 (3.1.10)
\pgf@path@lastx=\dimen195
\pgf@path@lasty=\dimen196
)
(/usr/local/texlive/2023/texmf-dist/tex/generic/pgf/basiclayer/pgfcorepathusage
.code.tex
File: pgfcorepathusage.code.tex 2023-01-15 v3.1.10 (3.1.10)
\pgf@shorten@end@additional=\dimen197
\pgf@shorten@start@additional=\dimen198
)
(/usr/local/texlive/2023/texmf-dist/tex/generic/pgf/basiclayer/pgfcorescopes.co
de.tex
File: pgfcorescopes.code.tex 2023-01-15 v3.1.10 (3.1.10)
\pgfpic=\box57
\pgf@hbox=\box58
\pgf@layerbox@main=\box59
\pgf@picture@serial@count=\count341
)
(/usr/local/texlive/2023/texmf-dist/tex/generic/pgf/basiclayer/pgfcoregraphicst
ate.code.tex
File: pgfcoregraphicstate.code.tex 2023-01-15 v3.1.10 (3.1.10)
\pgflinewidth=\dimen199
)
(/usr/local/texlive/2023/texmf-dist/tex/generic/pgf/basiclayer/pgfcoretransform
ations.code.tex
File: pgfcoretransformations.code.tex 2023-01-15 v3.1.10 (3.1.10)
\pgf@pt@x=\dimen256
\pgf@pt@y=\dimen257
\pgf@pt@temp=\dimen258
)
(/usr/local/texlive/2023/texmf-dist/tex/generic/pgf/basiclayer/pgfcorequick.cod
e.tex
File: pgfcorequick.code.tex 2023-01-15 v3.1.10 (3.1.10)
)
(/usr/local/texlive/2023/texmf-dist/tex/generic/pgf/basiclayer/pgfcoreobjects.c
ode.tex
File: pgfcoreobjects.code.tex 2023-01-15 v3.1.10 (3.1.10)
)
(/usr/local/texlive/2023/texmf-dist/tex/generic/pgf/basiclayer/pgfcorepathproce
ssing.code.tex
File: pgfcorepathprocessing.code.tex 2023-01-15 v3.1.10 (3.1.10)
)
(/usr/local/texlive/2023/texmf-dist/tex/generic/pgf/basiclayer/pgfcorearrows.co
de.tex
File: pgfcorearrows.code.tex 2023-01-15 v3.1.10 (3.1.10)
\pgfarrowsep=\dimen259
)
(/usr/local/texlive/2023/texmf-dist/tex/generic/pgf/basiclayer/pgfcoreshade.cod
e.tex
File: pgfcoreshade.code.tex 2023-01-15 v3.1.10 (3.1.10)
\pgf@max=\dimen260
\pgf@sys@shading@range@num=\count342
\pgf@shadingcount=\count343
)
(/usr/local/texlive/2023/texmf-dist/tex/generic/pgf/basiclayer/pgfcoreimage.cod
e.tex
File: pgfcoreimage.code.tex 2023-01-15 v3.1.10 (3.1.10)
)
(/usr/local/texlive/2023/texmf-dist/tex/generic/pgf/basiclayer/pgfcoreexternal.
code.tex
File: pgfcoreexternal.code.tex 2023-01-15 v3.1.10 (3.1.10)
\pgfexternal@startupbox=\box60
)
(/usr/local/texlive/2023/texmf-dist/tex/generic/pgf/basiclayer/pgfcorelayers.co
de.tex
File: pgfcorelayers.code.tex 2023-01-15 v3.1.10 (3.1.10)
)
(/usr/local/texlive/2023/texmf-dist/tex/generic/pgf/basiclayer/pgfcoretranspare
ncy.code.tex
File: pgfcoretransparency.code.tex 2023-01-15 v3.1.10 (3.1.10)
)
(/usr/local/texlive/2023/texmf-dist/tex/generic/pgf/basiclayer/pgfcorepatterns.
code.tex
File: pgfcorepatterns.code.tex 2023-01-15 v3.1.10 (3.1.10)
)
(/usr/local/texlive/2023/texmf-dist/tex/generic/pgf/basiclayer/pgfcorerdf.code.
tex
File: pgfcorerdf.code.tex 2023-01-15 v3.1.10 (3.1.10)
)))
(/usr/local/texlive/2023/texmf-dist/tex/generic/pgf/modules/pgfmoduleshapes.cod
e.tex
File: pgfmoduleshapes.code.tex 2023-01-15 v3.1.10 (3.1.10)
\pgfnodeparttextbox=\box61
)
(/usr/local/texlive/2023/texmf-dist/tex/generic/pgf/modules/pgfmoduleplot.code.
tex
File: pgfmoduleplot.code.tex 2023-01-15 v3.1.10 (3.1.10)
)
(/usr/local/texlive/2023/texmf-dist/tex/latex/pgf/compatibility/pgfcomp-version
-0-65.sty
Package: pgfcomp-version-0-65 2023-01-15 v3.1.10 (3.1.10)
\pgf@nodesepstart=\dimen261
\pgf@nodesepend=\dimen262
)
(/usr/local/texlive/2023/texmf-dist/tex/latex/pgf/compatibility/pgfcomp-version
-1-18.sty
Package: pgfcomp-version-1-18 2023-01-15 v3.1.10 (3.1.10)
))
(/usr/local/texlive/2023/texmf-dist/tex/latex/pgf/utilities/pgffor.sty
(/usr/local/texlive/2023/texmf-dist/tex/latex/pgf/utilities/pgfkeys.sty
(/usr/local/texlive/2023/texmf-dist/tex/generic/pgf/utilities/pgfkeys.code.tex)
) (/usr/local/texlive/2023/texmf-dist/tex/latex/pgf/math/pgfmath.sty
(/usr/local/texlive/2023/texmf-dist/tex/generic/pgf/math/pgfmath.code.tex))
(/usr/local/texlive/2023/texmf-dist/tex/generic/pgf/utilities/pgffor.code.tex
Package: pgffor 2023-01-15 v3.1.10 (3.1.10)
\pgffor@iter=\dimen263
\pgffor@skip=\dimen264
\pgffor@stack=\toks44
\pgffor@toks=\toks45
))
(/usr/local/texlive/2023/texmf-dist/tex/generic/pgf/frontendlayer/tikz/tikz.cod
e.tex
Package: tikz 2023-01-15 v3.1.10 (3.1.10)

(/usr/local/texlive/2023/texmf-dist/tex/generic/pgf/libraries/pgflibraryplothan
dlers.code.tex
File: pgflibraryplothandlers.code.tex 2023-01-15 v3.1.10 (3.1.10)
\pgf@plot@mark@count=\count344
\pgfplotmarksize=\dimen265
)
\tikz@lastx=\dimen266
\tikz@lasty=\dimen267
\tikz@lastxsaved=\dimen268
\tikz@lastysaved=\dimen269
\tikz@lastmovetox=\dimen270
\tikz@lastmovetoy=\dimen271
\tikzleveldistance=\dimen272
\tikzsiblingdistance=\dimen273
\tikz@figbox=\box62
\tikz@figbox@bg=\box63
\tikz@tempbox=\box64
\tikz@tempbox@bg=\box65
\tikztreelevel=\count345
\tikznumberofchildren=\count346
\tikznumberofcurrentchild=\count347
\tikz@fig@count=\count348

(/usr/local/texlive/2023/texmf-dist/tex/generic/pgf/modules/pgfmodulematrix.cod
e.tex
File: pgfmodulematrix.code.tex 2023-01-15 v3.1.10 (3.1.10)
\pgfmatrixcurrentrow=\count349
\pgfmatrixcurrentcolumn=\count350
\pgf@matrix@numberofcolumns=\count351
)
\tikz@expandcount=\count352

(/usr/local/texlive/2023/texmf-dist/tex/generic/pgf/frontendlayer/tikz/librarie
s/tikzlibrarytopaths.code.tex
File: tikzlibrarytopaths.code.tex 2023-01-15 v3.1.10 (3.1.10)
)))
(/usr/local/texlive/2023/texmf-dist/tex/latex/mdframed/md-frame-1.mdf
File: md-frame-1.mdf 2013/07/01\ 1.9b: md-frame-1
)
\mdf@frametitlebox=\box66
\mdf@footnotebox=\box67
\mdf@splitbox@one=\box68
\mdf@splitbox@two=\box69
\mdf@splitbox@save=\box70
\mdfsplitboxwidth=\skip125
\mdfsplitboxtotalwidth=\skip126
\mdfsplitboxheight=\skip127
\mdfsplitboxdepth=\skip128
\mdfsplitboxtotalheight=\skip129
\mdfframetitleboxwidth=\skip130
\mdfframetitleboxtotalwidth=\skip131
\mdfframetitleboxheight=\skip132
\mdfframetitleboxdepth=\skip133
\mdfframetitleboxtotalheight=\skip134
\mdffootnoteboxwidth=\skip135
\mdffootnoteboxtotalwidth=\skip136
\mdffootnoteboxheight=\skip137
\mdffootnoteboxdepth=\skip138
\mdffootnoteboxtotalheight=\skip139
\mdftotallinewidth=\skip140
\mdfboundingboxwidth=\skip141
\mdfboundingboxtotalwidth=\skip142
\mdfboundingboxheight=\skip143
\mdfboundingboxdepth=\skip144
\mdfboundingboxtotalheight=\skip145
\mdf@freevspace@length=\skip146
\mdf@horizontalwidthofbox@length=\skip147
\mdf@verticalmarginwhole@length=\skip148
\mdf@horizontalspaceofbox=\skip149
\mdfsubtitleheight=\skip150
\mdfsubsubtitleheight=\skip151
\c@mdfcountframes=\count353

****** mdframed patching \endmdf@trivlist

****** -- success******

\mdf@envdepth=\count354
\c@mdf@env@i=\count355
\c@mdf@env@ii=\count356
\c@mdf@zref@counter=\count357
Package zref Info: New property: mdf@pagevalue on input line 895.
)
(./Commands/Bewijs.tex
\c@prf=\count358
) (./Commands/Definitie.tex
\c@theo=\count359
) (./Commands/Lemma.tex
\c@lem=\count360
)
(./Commands/Voorbeeld.tex
\c@ex=\count361
) (./Commands/Eigenschap.tex
\c@pro=\count362
)
(./Commands/Toepassing.tex
\c@app=\count363
) (./Commands/Samenvatting.tex
\c@summ=\count364
)
(./Commands/Vergelijking.tex
\c@vrg=\count365
))
(/Users/pietervds/Homework/Bach3Sem1/Nat2/Samenvatting/out/main.aux)
\openout1 = `main.aux'.

LaTeX Font Info:    Checking defaults for OML/cmm/m/it on input line 33.
LaTeX Font Info:    ... okay on input line 33.
LaTeX Font Info:    Checking defaults for OMS/cmsy/m/n on input line 33.
LaTeX Font Info:    ... okay on input line 33.
LaTeX Font Info:    Checking defaults for OT1/cmr/m/n on input line 33.
LaTeX Font Info:    ... okay on input line 33.
LaTeX Font Info:    Checking defaults for T1/cmr/m/n on input line 33.
LaTeX Font Info:    ... okay on input line 33.
LaTeX Font Info:    Checking defaults for TS1/cmr/m/n on input line 33.
LaTeX Font Info:    ... okay on input line 33.
LaTeX Font Info:    Checking defaults for OMX/cmex/m/n on input line 33.
LaTeX Font Info:    ... okay on input line 33.
LaTeX Font Info:    Checking defaults for U/cmr/m/n on input line 33.
LaTeX Font Info:    ... okay on input line 33.
LaTeX Font Info:    Checking defaults for PD1/pdf/m/n on input line 33.
LaTeX Font Info:    ... okay on input line 33.
LaTeX Font Info:    Checking defaults for PU/pdf/m/n on input line 33.
LaTeX Font Info:    ... okay on input line 33.

(/usr/local/texlive/2023/texmf-dist/tex/context/base/mkii/supp-pdf.mkii
[Loading MPS to PDF converter (version 2006.09.02).]
\scratchcounter=\count366
\scratchdimen=\dimen274
\scratchbox=\box71
\nofMPsegments=\count367
\nofMParguments=\count368
\everyMPshowfont=\toks46
\MPscratchCnt=\count369
\MPscratchDim=\dimen275
\MPnumerator=\count370
\makeMPintoPDFobject=\count371
\everyMPtoPDFconversion=\toks47
) (/usr/local/texlive/2023/texmf-dist/tex/latex/epstopdf-pkg/epstopdf-base.sty
Package: epstopdf-base 2020-01-24 v2.11 Base part for package epstopdf
Package epstopdf-base Info: Redefining graphics rule for `.eps' on input line 4
85.

(/usr/local/texlive/2023/texmf-dist/tex/latex/latexconfig/epstopdf-sys.cfg
File: epstopdf-sys.cfg 2010/07/13 v1.3 Configuration of (r)epstopdf for TeX Liv
e
))
Package caption Info: Begin \AtBeginDocument code.
Package caption Info: hyperref package is loaded.
Package caption Info: End \AtBeginDocument code.
Package hyperref Info: Link coloring ON on input line 33.

(/Users/pietervds/Homework/Bach3Sem1/Nat2/Samenvatting/out/main.out)
(/Users/pietervds/Homework/Bach3Sem1/Nat2/Samenvatting/out/main.out)
\@outlinefile=\write4
\openout4 = `main.out'.

LaTeX Font Info:    Trying to load font information for U+msa on input line 37.


(/usr/local/texlive/2023/texmf-dist/tex/latex/amsfonts/umsa.fd
File: umsa.fd 2013/01/14 v3.01 AMS symbols A
)
LaTeX Font Info:    Trying to load font information for U+msb on input line 37.


(/usr/local/texlive/2023/texmf-dist/tex/latex/amsfonts/umsb.fd
File: umsb.fd 2013/01/14 v3.01 AMS symbols B
) [1

{/usr/local/texlive/2023/texmf-var/fonts/map/pdftex/updmap/pdftex.map}]
(/Users/pietervds/Homework/Bach3Sem1/Nat2/Samenvatting/out/main.toc)
\tf@toc=\write5
\openout5 = `main.toc'.


pdfTeX warning (ext4): destination with the same identifier (name{page.1}) has 
been already used, duplicate ignored
<to be read again> 
                   \relax 
l.57 \newpage
              [1] [2] (./Chapters/Inleiding/Vectoren.tex
Package mdframed Info: mdframed detected package amsthm 
 changed the theorem header of amsthm
(mdframed)              on input line 1.
Package mdframed Info: mdframed detected package amsthm 
 changed the theorem header of amsthm
(mdframed)              on input line 8.
Package mdframed Info: mdframed detected package amsthm 
 changed the theorem header of amsthm
(mdframed)              on input line 10.
<Images/Inleiding/Vectorcomponenten.png, id=111, 396.48125pt x 234.8775pt>
File: Images/Inleiding/Vectorcomponenten.png Graphic file (type png)
<use Images/Inleiding/Vectorcomponenten.png>
Package pdftex.def Info: Images/Inleiding/Vectorcomponenten.png  used on input 
line 24.
(pdftex.def)             Requested size: 158.58968pt x 93.94933pt.
Package mdframed Info: mdframed detected package amsthm 
 changed the theorem header of amsthm
(mdframed)              on input line 46.
 [3{/usr/local/texlive/2023/texmf-dist/fonts/enc/dvips/cm-super/cm-super-ts1.en
c} <./Images/Inleiding/Vectorcomponenten.png>]
Package mdframed Info: mdframed detected package amsthm 
 changed the theorem header of amsthm
(mdframed)              on input line 50.
Package mdframed Info: mdframed detected package amsthm 
 changed the theorem header of amsthm
(mdframed)              on input line 56.
Package mdframed Info: Not enough space on this page on input line 56.
Package mdframed Info: mdframed detected package amsthm 
 changed the theorem header of amsthm
(mdframed)              on input line 58.
Package mdframed Info: mdframed detected package amsthm 
 changed the theorem header of amsthm
(mdframed)              on input line 63.
Package mdframed Info: mdframed detected package amsthm 
 changed the theorem header of amsthm
(mdframed)              on input line 65.
Package mdframed Info: mdframed detected package amsthm 
 changed the theorem header of amsthm
(mdframed)              on input line 74.
Package mdframed Info: mdframed detected package amsthm 
 changed the theorem header of amsthm
(mdframed)              on input line 76.
Package mdframed Info: mdframed detected package amsthm 
 changed the theorem header of amsthm
(mdframed)              on input line 81.
) [4] [5] (./Chapters/Kinematica/Vectorieel.tex
Package mdframed Info: mdframed detected package amsthm 
 changed the theorem header of amsthm
(mdframed)              on input line 29.
Package mdframed Info: mdframed detected package amsthm 
 changed the theorem header of amsthm
(mdframed)              on input line 42.

./Chapters/Kinematica/Vectorieel.tex:44: Extra \fi.
\\app ... {\strut Toepassing~\theapp :~#1};}}}\fi 
                                                  \mdfsetup {innertopmargin=...
l.44 ...p}[Projectielbeweging]{Projectielbeweging}
                                                  
I'm ignoring this; it doesn't match any \if.

Package mdframed Info: mdframed detected package amsthm 
 changed the theorem header of amsthm
(mdframed)              on input line 44.
<Images/Kinematica/Projectielbeweging.png, id=140, 597.23125pt x 637.38126pt>
File: Images/Kinematica/Projectielbeweging.png Graphic file (type png)
<use Images/Kinematica/Projectielbeweging.png>
Package pdftex.def Info: Images/Kinematica/Projectielbeweging.png  used on inpu
t line 64.
(pdftex.def)             Requested size: 149.30743pt x 159.34492pt.
Package mdframed Info: mdframed detected package amsthm 
 changed the theorem header of amsthm
(mdframed)              on input line 93.
) [6 <./Images/Kinematica/Projectielbeweging.png>] [7]
(./Chapters/Dynamica/Newton's bewegingswetten.tex
Package mdframed Info: mdframed detected package amsthm 
 changed the theorem header of amsthm
(mdframed)              on input line 1.
Package mdframed Info: mdframed detected package amsthm 
 changed the theorem header of amsthm
(mdframed)              on input line 12.
Package mdframed Info: mdframed detected package amsthm 
 changed the theorem header of amsthm
(mdframed)              on input line 14.
Package mdframed Info: mdframed detected package amsthm 
 changed the theorem header of amsthm
(mdframed)              on input line 28.
Package mdframed Info: mdframed detected package amsthm 
 changed the theorem header of amsthm
(mdframed)              on input line 30.
Package mdframed Info: mdframed detected package amsthm 
 changed the theorem header of amsthm
(mdframed)              on input line 38.
Package mdframed Info: mdframed detected package amsthm 
 changed the theorem header of amsthm
(mdframed)              on input line 40.
Package mdframed Info: mdframed detected package amsthm 
 changed the theorem header of amsthm
(mdframed)              on input line 49.
 [8]
Package mdframed Info: mdframed detected package amsthm 
 changed the theorem header of amsthm
(mdframed)              on input line 53.
Package mdframed Info: mdframed detected package amsthm 
 changed the theorem header of amsthm
(mdframed)              on input line 62.
Package mdframed Info: Not enough space on this page on input line 62.
Package mdframed Info: mdframed detected package amsthm 
 changed the theorem header of amsthm
(mdframed)              on input line 64.
<Images/Dynamica/Doos in rust.png, id=170, 209.78375pt x 188.705pt>
File: Images/Dynamica/Doos in rust.png Graphic file (type png)
<use Images/Dynamica/Doos in rust.png>
Package pdftex.def Info: Images/Dynamica/Doos in rust.png  used on input line 7
4.
(pdftex.def)             Requested size: 146.84761pt x 132.09259pt.
<Images/Dynamica/Glijdende doos.png, id=171, 529.98pt x 316.18124pt>
File: Images/Dynamica/Glijdende doos.png Graphic file (type png)
<use Images/Dynamica/Glijdende doos.png>
Package pdftex.def Info: Images/Dynamica/Glijdende doos.png  used on input line
 80.
(pdftex.def)             Requested size: 185.49577pt x 110.66508pt.
Package mdframed Info: mdframed detected package amsthm 
 changed the theorem header of amsthm
(mdframed)              on input line 87.
) [9 <./Images/Dynamica/Doos in rust.png> <./Images/Dynamica/Glijdende doos.png
>]
(./Chapters/Dynamica/De wetten van Newton: wrijving, cirkelbeweging, weerstands
krachten.tex
Package mdframed Info: mdframed detected package amsthm 
 changed the theorem header of amsthm
(mdframed)              on input line 1.
Package mdframed Info: mdframed detected package amsthm 
 changed the theorem header of amsthm
(mdframed)              on input line 16.
Package mdframed Info: mdframed detected package amsthm 
 changed the theorem header of amsthm
(mdframed)              on input line 26.
<Images/Dynamica/Kinematica van de Cirkelbeweging.png, id=180, 437.635pt x 495.
8525pt>
File: Images/Dynamica/Kinematica van de Cirkelbeweging.png Graphic file (type p
ng)
<use Images/Dynamica/Kinematica van de Cirkelbeweging.png>
Package pdftex.def Info: Images/Dynamica/Kinematica van de Cirkelbeweging.png  
used on input line 56.
(pdftex.def)             Requested size: 153.17455pt x 173.55096pt.
Package mdframed Info: mdframed detected package amsthm 
 changed the theorem header of amsthm
(mdframed)              on input line 77.
Package mdframed Info: Box was splittet wrong
 starting loop to iterate the splitting point
(mdframed)              on input line 77.
 [10 <./Images/Dynamica/Kinematica van de Cirkelbeweging.png>]
Package mdframed Info: mdframed detected package amsthm 
 changed the theorem header of amsthm
(mdframed)              on input line 79.
Package mdframed Info: mdframed detected package amsthm 
 changed the theorem header of amsthm
(mdframed)              on input line 87.
Package mdframed Info: mdframed detected package amsthm 
 changed the theorem header of amsthm
(mdframed)              on input line 89.
<Images/Dynamica/Niet-Eenparige Cirkelbeweging.png, id=190, 1076.02pt x 480.796
25pt>
File: Images/Dynamica/Niet-Eenparige Cirkelbeweging.png Graphic file (type png)

<use Images/Dynamica/Niet-Eenparige Cirkelbeweging.png>
Package pdftex.def Info: Images/Dynamica/Niet-Eenparige Cirkelbeweging.png  use
d on input line 103.
(pdftex.def)             Requested size: 215.20018pt x 96.15753pt.
Package mdframed Info: mdframed detected package amsthm 
 changed the theorem header of amsthm
(mdframed)              on input line 105.
)
[11 <./Images/Dynamica/Niet-Eenparige Cirkelbeweging.png>]
(./Chapters/Dynamica/De zwaartekracht en de synthese van Newton.tex
Package mdframed Info: mdframed detected package amsthm 
 changed the theorem header of amsthm
(mdframed)              on input line 1.

Overfull \hbox (0.84688pt too wide) in paragraph at lines 21--22
\OT1/cmr/bx/n/10 Let op: \OT1/cmr/m/n/10 De for-mule spreekt over twee punt-mas
-sas! Een ma-cro-sco-pisch voor-werp is een som (\OT1/cmr/bx/n/10 integraal!\OT
1/cmr/m/n/10 )
 []

Package mdframed Info: mdframed detected package amsthm 
 changed the theorem header of amsthm
(mdframed)              on input line 27.
./Chapters/Dynamica/De zwaartekracht en de synthese van Newton.tex:29: Extra \f
i.
\\app ... {\strut Toepassing~\theapp :~#1};}}}\fi 
                                                  \mdfsetup {innertopmargin=...
l.29 \begin{app}[Satellieten]{Satellieten}
                                          
I'm ignoring this; it doesn't match any \if.

Package mdframed Info: mdframed detected package amsthm 
 changed the theorem header of amsthm
(mdframed)              on input line 29.
Package mdframed Info: mdframed detected package amsthm 
 changed the theorem header of amsthm
(mdframed)              on input line 46.
Package mdframed Info: mdframed detected package amsthm 
 changed the theorem header of amsthm
(mdframed)              on input line 48.
Package mdframed Info: mdframed detected package amsthm 
 changed the theorem header of amsthm
(mdframed)              on input line 58.
) [12] (./Chapters/Dynamica/Arbeid en Energie.tex
Package mdframed Info: mdframed detected package amsthm 
 changed the theorem header of amsthm
(mdframed)              on input line 1.
<Images/Dynamica/Arbeid bij constante kracht.png, id=206, 1513.655pt x 746.79pt
>
File: Images/Dynamica/Arbeid bij constante kracht.png Graphic file (type png)
<use Images/Dynamica/Arbeid bij constante kracht.png>
Package pdftex.def Info: Images/Dynamica/Arbeid bij constante kracht.png  used 
on input line 14.
(pdftex.def)             Requested size: 227.03845pt x 112.01366pt.
Package mdframed Info: mdframed detected package amsthm 
 changed the theorem header of amsthm
(mdframed)              on input line 23.

./Chapters/Dynamica/Arbeid en Energie.tex:25: Extra \fi.
\\app ... {\strut Toepassing~\theapp :~#1};}}}\fi 
                                                  \mdfsetup {innertopmargin=...
l.25 ...efveren]{Terugroepkracht van schroefveren}
                                                  
I'm ignoring this; it doesn't match any \if.

Package mdframed Info: mdframed detected package amsthm 
 changed the theorem header of amsthm
(mdframed)              on input line 25.

Underfull \hbox (badness 10000) in paragraph at lines 41--42

 []

<Images/Dynamica/Schroefveer.png, id=207, 381.425pt x 486.81876pt>
File: Images/Dynamica/Schroefveer.png Graphic file (type png)
<use Images/Dynamica/Schroefveer.png>
Package pdftex.def Info: Images/Dynamica/Schroefveer.png  used on input line 55
.
(pdftex.def)             Requested size: 123.96164pt x 158.21422pt.

Overfull \hbox (2.2222pt too wide) in paragraph at lines 27--58
[]$[]$ $[]$
 []

Package mdframed Info: mdframed detected package amsthm 
 changed the theorem header of amsthm
(mdframed)              on input line 58.
Package mdframed Info: mdframed detected package amsthm 
 changed the theorem header of amsthm
(mdframed)              on input line 60.
Package mdframed Info: mdframed detected package amsthm 
 changed the theorem header of amsthm
(mdframed)              on input line 77.
[13 <./Images/Dynamica/Arbeid bij constante kracht.png> <./Images/Dynamica/Schr
oefveer.png>]
Package mdframed Info: Not enough space on this page on input line 77.
) [14] (./Chapters/Dynamica/Behoud van Energie.tex
Package mdframed Info: mdframed detected package amsthm 
 changed the theorem header of amsthm
(mdframed)              on input line 1.
Package mdframed Info: mdframed detected package amsthm 
 changed the theorem header of amsthm
(mdframed)              on input line 37.
Package mdframed Info: mdframed detected package amsthm 
 changed the theorem header of amsthm
(mdframed)              on input line 52.
Package mdframed Info: mdframed detected package amsthm 
 changed the theorem header of amsthm
(mdframed)              on input line 77.
Package mdframed Info: mdframed detected package amsthm 
 changed the theorem header of amsthm
(mdframed)              on input line 79.
Package mdframed Info: mdframed detected package amsthm 
 changed the theorem header of amsthm
(mdframed)              on input line 87.
 [15]
Package mdframed Info: mdframed detected package amsthm 
 changed the theorem header of amsthm
(mdframed)              on input line 91.
Package mdframed Info: mdframed detected package amsthm 
 changed the theorem header of amsthm
(mdframed)              on input line 105.
Package mdframed Info: Not enough space on this page on input line 105.
Package mdframed Info: mdframed detected package amsthm 
 changed the theorem header of amsthm
(mdframed)              on input line 122.
Package mdframed Info: mdframed detected package amsthm 
 changed the theorem header of amsthm
(mdframed)              on input line 129.
) [16]
(./Chapters/Dynamica/Impuls.tex
Package mdframed Info: mdframed detected package amsthm 
 changed the theorem header of amsthm
(mdframed)              on input line 1.
Package mdframed Info: mdframed detected package amsthm 
 changed the theorem header of amsthm
(mdframed)              on input line 15.
Package mdframed Info: mdframed detected package amsthm 
 changed the theorem header of amsthm
(mdframed)              on input line 17.
Package mdframed Info: mdframed detected package amsthm 
 changed the theorem header of amsthm
(mdframed)              on input line 25.

./Chapters/Dynamica/Impuls.tex:27: Extra \fi.
\\app ... {\strut Toepassing~\theapp :~#1};}}}\fi 
                                                  \mdfsetup {innertopmargin=...
l.27 ...p}[Elastische botsing]{Elastische botsing}
                                                  
I'm ignoring this; it doesn't match any \if.

Package mdframed Info: mdframed detected package amsthm 
 changed the theorem header of amsthm
(mdframed)              on input line 27.
Package mdframed Info: mdframed detected package amsthm 
 changed the theorem header of amsthm
(mdframed)              on input line 72.
./Chapters/Dynamica/Impuls.tex:74: Extra \fi.
\\app ... {\strut Toepassing~\theapp :~#1};}}}\fi 
                                                  \mdfsetup {innertopmargin=...
l.74 ...nelastische botsing]{Inelastische botsing}
                                                  
I'm ignoring this; it doesn't match any \if.

Package mdframed Info: mdframed detected package amsthm 
 changed the theorem header of amsthm
(mdframed)              on input line 74.
Package mdframed Info: mdframed detected package amsthm 
 changed the theorem header of amsthm
(mdframed)              on input line 82.
Package mdframed Info: Not enough space on this page on input line 82.
[17]
Package mdframed Info: Not enough space on this page on input line 82.
) [18] (./Chapters/Dynamica/Rotatie.tex
./Chapters/Dynamica/Rotatie.tex:24: Extra \fi.
\\app ... {\strut Toepassing~\theapp :~#1};}}}\fi 
                                                  \mdfsetup {innertopmargin=...
l.24 ...rotationele vs translationele versnelling}
                                                  
I'm ignoring this; it doesn't match any \if.

Package mdframed Info: mdframed detected package amsthm 
 changed the theorem header of amsthm
(mdframed)              on input line 24.
Package mdframed Info: mdframed detected package amsthm 
 changed the theorem header of amsthm
(mdframed)              on input line 36.
Package mdframed Info: mdframed detected package amsthm 
 changed the theorem header of amsthm
(mdframed)              on input line 38.
Package mdframed Info: mdframed detected package amsthm 
 changed the theorem header of amsthm
(mdframed)              on input line 56.
./Chapters/Dynamica/Rotatie.tex:58: Extra \fi.
\\app ... {\strut Toepassing~\theapp :~#1};}}}\fi 
                                                  \mdfsetup {innertopmargin=...
l.58 ...j rotatie]{Arbeid en Vermogen bij rotatie}
                                                  
I'm ignoring this; it doesn't match any \if.

Package mdframed Info: mdframed detected package amsthm 
 changed the theorem header of amsthm
(mdframed)              on input line 58.
<Images/Dynamica/ArbeidBijRotatie.png, id=253, 520.94624pt x 456.70625pt>
File: Images/Dynamica/ArbeidBijRotatie.png Graphic file (type png)
<use Images/Dynamica/ArbeidBijRotatie.png>
Package pdftex.def Info: Images/Dynamica/ArbeidBijRotatie.png  used on input li
ne 75.
(pdftex.def)             Requested size: 130.23624pt x 114.17627pt.
Package mdframed Info: mdframed detected package amsthm 
 changed the theorem header of amsthm
(mdframed)              on input line 77.
[19 <./Images/Dynamica/ArbeidBijRotatie.png>]
./Chapters/Dynamica/Rotatie.tex:81: Extra \fi.
\\app ... {\strut Toepassing~\theapp :~#1};}}}\fi 
                                                  \mdfsetup {innertopmargin=...
l.81 ...j rotatie]{Kinetische energie bij rotatie}
                                                  
I'm ignoring this; it doesn't match any \if.

Package mdframed Info: mdframed detected package amsthm 
 changed the theorem header of amsthm
(mdframed)              on input line 81.
<Images/Dynamica/SnelhedenOpRotatie.png, id=262, 549.05125pt x 517.935pt>
File: Images/Dynamica/SnelhedenOpRotatie.png Graphic file (type png)
<use Images/Dynamica/SnelhedenOpRotatie.png>
Package pdftex.def Info: Images/Dynamica/SnelhedenOpRotatie.png  used on input 
line 91.
(pdftex.def)             Requested size: 82.35413pt x 77.68689pt.
Package mdframed Info: mdframed detected package amsthm 
 changed the theorem header of amsthm
(mdframed)              on input line 93.
Package mdframed Info: Not enough space on this page on input line 93.
Package mdframed Info: mdframed detected package amsthm 
 changed the theorem header of amsthm
(mdframed)              on input line 95.
Package mdframed Info: mdframed detected package amsthm 
 changed the theorem header of amsthm
(mdframed)              on input line 107.
Package mdframed Info: mdframed detected package amsthm 
 changed the theorem header of amsthm
(mdframed)              on input line 109.
Package mdframed Info: mdframed detected package amsthm 
 changed the theorem header of amsthm
(mdframed)              on input line 115.
./Chapters/Dynamica/Rotatie.tex:117: Extra \fi.
\\vrg ...\strut Vergelijking~\thevrg :~#1};}}}\fi 
                                                  \mdfsetup {innertopmargin=...
l.117 ...t]{Vergelijking: impuls  impulsmoment}
                                                  
I'm ignoring this; it doesn't match any \if.

Package mdframed Info: mdframed detected package amsthm 
 changed the theorem header of amsthm
(mdframed)              on input line 117.

Overfull \hbox (10.98448pt too wide) in paragraph at lines 138--143
 [][] 
 []

Package mdframed Info: mdframed detected package amsthm 
 changed the theorem header of amsthm
(mdframed)              on input line 146.
) [20 <./Images/Dynamica/SnelhedenOpRotatie.png>] [21]
(./Chapters/Elektriciteit/Coulomb.tex
Package mdframed Info: mdframed detected package amsthm 
 changed the theorem header of amsthm
(mdframed)              on input line 1.
Package mdframed Info: mdframed detected package amsthm 
 changed the theorem header of amsthm
(mdframed)              on input line 6.
Package mdframed Info: mdframed detected package amsthm 
 changed the theorem header of amsthm
(mdframed)              on input line 8.
Package mdframed Info: mdframed detected package amsthm 
 changed the theorem header of amsthm
(mdframed)              on input line 10.

./Chapters/Elektriciteit/Coulomb.tex:12: Extra \fi.
\\app ... {\strut Toepassing~\theapp :~#1};}}}\fi 
                                                  \mdfsetup {innertopmargin=...
l.12 ...he lading in het atoom  isolator geleider}
                                                  
I'm ignoring this; it doesn't match any \if.

Package mdframed Info: mdframed detected package amsthm 
 changed the theorem header of amsthm
(mdframed)              on input line 12.
Package mdframed Info: mdframed detected package amsthm 
 changed the theorem header of amsthm
(mdframed)              on input line 20.
Package mdframed Info: mdframed detected package amsthm 
 changed the theorem header of amsthm
(mdframed)              on input line 22.
Package mdframed Info: mdframed detected package amsthm 
 changed the theorem header of amsthm
(mdframed)              on input line 40.
Package mdframed Info: mdframed detected package amsthm 
 changed the theorem header of amsthm
(mdframed)              on input line 42.
Package mdframed Info: mdframed detected package amsthm 
 changed the theorem header of amsthm
(mdframed)              on input line 59.
[22]
./Chapters/Elektriciteit/Coulomb.tex:63: Extra \fi.
\\app ... {\strut Toepassing~\theapp :~#1};}}}\fi 
                                                  \mdfsetup {innertopmargin=...
l.63 ...een lading in een uniform elektrisch veld}
                                                  
I'm ignoring this; it doesn't match any \if.

Package mdframed Info: mdframed detected package amsthm 
 changed the theorem header of amsthm
(mdframed)              on input line 63.
<Images/Elektriciteit/UniformE.png, id=286, 313.17pt x 537.00626pt>
File: Images/Elektriciteit/UniformE.png Graphic file (type png)
<use Images/Elektriciteit/UniformE.png>
Package pdftex.def Info: Images/Elektriciteit/UniformE.png  used on input line 
80.
(pdftex.def)             Requested size: 93.95172pt x 161.10312pt.

Overfull \hbox (2.2222pt too wide) in paragraph at lines 64--82
[]$[]$ $[]$ 
 []

Package mdframed Info: mdframed detected package amsthm 
 changed the theorem header of amsthm
(mdframed)              on input line 83.
Package mdframed Info: Not enough space on this page on input line 83.
Package mdframed Info: mdframed detected package amsthm 
 changed the theorem header of amsthm
(mdframed)              on input line 85.
Package mdframed Info: mdframed detected package amsthm 
 changed the theorem header of amsthm
(mdframed)              on input line 92.
./Chapters/Elektriciteit/Coulomb.tex:94: Extra \fi.
\\app ... {\strut Toepassing~\theapp :~#1};}}}\fi 
                                                  \mdfsetup {innertopmargin=...
l.94 ...keningen voor continue ladingsverdelingen}
                                                  
I'm ignoring this; it doesn't match any \if.

Package mdframed Info: mdframed detected package amsthm 
 changed the theorem header of amsthm
(mdframed)              on input line 94.
Package mdframed Info: mdframed detected package amsthm 
 changed the theorem header of amsthm
(mdframed)              on input line 122.
[23 <./Images/Elektriciteit/UniformE.png>]
Package mdframed Info: mdframed detected package amsthm 
 changed the theorem header of amsthm
(mdframed)              on input line 126.

Underfull \hbox (badness 10000) in paragraph at lines 128--129

 []

<Images/Elektriciteit/Dipool.png, id=298, 363.3575pt x 121.45375pt>
File: Images/Elektriciteit/Dipool.png Graphic file (type png)
<use Images/Elektriciteit/Dipool.png>
Package pdftex.def Info: Images/Elektriciteit/Dipool.png  used on input line 13
0.
(pdftex.def)             Requested size: 145.34041pt x 48.58063pt.
Package mdframed Info: mdframed detected package amsthm 
 changed the theorem header of amsthm
(mdframed)              on input line 137.
Package mdframed Info: Not enough space on this page on input line 137.
./Chapters/Elektriciteit/Coulomb.tex:139: Extra \fi.
\\app ... {\strut Toepassing~\theapp :~#1};}}}\fi 
                                                  \mdfsetup {innertopmargin=...
l.139 ...uniform veld]{Dipool in een uniform veld}
                                                  
I'm ignoring this; it doesn't match any \if.

Package mdframed Info: mdframed detected package amsthm 
 changed the theorem header of amsthm
(mdframed)              on input line 139.
<Images/Elektriciteit/UniformDipool.png, id=299, 539.01375pt x 489.83pt>
File: Images/Elektriciteit/UniformDipool.png Graphic file (type png)
<use Images/Elektriciteit/UniformDipool.png>
Package pdftex.def Info: Images/Elektriciteit/UniformDipool.png  used on input 
line 160.
(pdftex.def)             Requested size: 188.65762pt x 171.44305pt.

Overfull \hbox (97.64311pt too wide) detected at line 171
[]
 []

Package mdframed Info: mdframed detected package amsthm 
 changed the theorem header of amsthm
(mdframed)              on input line 176.
) [24 <./Images/Elektriciteit/Dipool.png> <./Images/Elektriciteit/UniformDipool
.png>] (./Chapters/Elektriciteit/Gauss.tex
Package mdframed Info: mdframed detected package amsthm 
 changed the theorem header of amsthm
(mdframed)              on input line 1.
<Images/Elektriciteit/OppervlakteGeenLading.png, id=309, 406.51875pt x 283.0575
pt>
File: Images/Elektriciteit/OppervlakteGeenLading.png Graphic file (type png)
<use Images/Elektriciteit/OppervlakteGeenLading.png>
Package pdftex.def Info: Images/Elektriciteit/OppervlakteGeenLading.png  used o
n input line 19.
(pdftex.def)             Requested size: 142.28369pt x 99.0716pt.
Package mdframed Info: mdframed detected package amsthm 
 changed the theorem header of amsthm
(mdframed)              on input line 22.
Package mdframed Info: mdframed detected package amsthm 
 changed the theorem header of amsthm
(mdframed)              on input line 24.
Package mdframed Info: mdframed detected package amsthm 
 changed the theorem header of amsthm
(mdframed)              on input line 34.
) [25 <./Images/Elektriciteit/OppervlakteGeenLading.png>] (./Chapters/Elektrici
teit/Potentiaal.tex
Package mdframed Info: mdframed detected package amsthm 
 changed the theorem header of amsthm
(mdframed)              on input line 1.
Package mdframed Info: mdframed detected package amsthm 
 changed the theorem header of amsthm
(mdframed)              on input line 20.
Package mdframed Info: mdframed detected package amsthm 
 changed the theorem header of amsthm
(mdframed)              on input line 22.

Underfull \hbox (badness 10000) in paragraph at lines 36--37

 []

Package mdframed Info: mdframed detected package amsthm 
 changed the theorem header of amsthm
(mdframed)              on input line 49.
Package mdframed Info: mdframed detected package amsthm 
 changed the theorem header of amsthm
(mdframed)              on input line 51.
Package mdframed Info: mdframed detected package amsthm 
 changed the theorem header of amsthm
(mdframed)              on input line 55.
./Chapters/Elektriciteit/Potentiaal.tex:57: Extra \fi.
\\app ... {\strut Toepassing~\theapp :~#1};}}}\fi 
                                                  \mdfsetup {innertopmargin=...
l.57 ...trische potentiaal tegenover puntladingen}
                                                  
I'm ignoring this; it doesn't match any \if.

Package mdframed Info: mdframed detected package amsthm 
 changed the theorem header of amsthm
(mdframed)              on input line 57.
Package mdframed Info: mdframed detected package amsthm 
 changed the theorem header of amsthm
(mdframed)              on input line 96.
[26]
Package mdframed Info: Not enough space on this page on input line 96.

./Chapters/Elektriciteit/Potentiaal.tex:98: Extra \fi.
\\app ... {\strut Toepassing~\theapp :~#1};}}}\fi 
                                                  \mdfsetup {innertopmargin=...
l.98 ...ol]{Elektrische potentiaal bij een dipool}
                                                  
I'm ignoring this; it doesn't match any \if.

Package mdframed Info: mdframed detected package amsthm 
 changed the theorem header of amsthm
(mdframed)              on input line 98.
<Images/Elektriciteit/DipoolPotentiaal.png, id=326, 278.03876pt x 436.63126pt>
File: Images/Elektriciteit/DipoolPotentiaal.png Graphic file (type png)
<use Images/Elektriciteit/DipoolPotentiaal.png>
Package pdftex.def Info: Images/Elektriciteit/DipoolPotentiaal.png  used on inp
ut line 124.
(pdftex.def)             Requested size: 111.21352pt x 174.6494pt.
Package mdframed Info: mdframed detected package amsthm 
 changed the theorem header of amsthm
(mdframed)              on input line 133.
[27 <./Images/Elektriciteit/DipoolPotentiaal.png>]
./Chapters/Elektriciteit/Potentiaal.tex:137: Extra \fi.
\\app ... {\strut Toepassing~\theapp :~#1};}}}\fi 
                                                  \mdfsetup {innertopmargin=...
l.137 ...al bij een geladen geleider in evenwicht}
                                                  
I'm ignoring this; it doesn't match any \if.

Package mdframed Info: mdframed detected package amsthm 
 changed the theorem header of amsthm
(mdframed)              on input line 137.

Underfull \hbox (badness 10000) in paragraph at lines 140--141

 []

<Images/Elektriciteit/Caviteit.png, id=333, 773.89125pt x 561.09625pt>
File: Images/Elektriciteit/Caviteit.png Graphic file (type png)
<use Images/Elektriciteit/Caviteit.png>
Package pdftex.def Info: Images/Elektriciteit/Caviteit.png  used on input line 
163.
(pdftex.def)             Requested size: 193.47234pt x 140.27371pt.

Overfull \hbox (9.38823pt too wide) in paragraph at lines 157--165
[]$[]$ $[]$ 
 []


Underfull \hbox (badness 10000) in paragraph at lines 166--167

 []

Package mdframed Info: mdframed detected package amsthm 
 changed the theorem header of amsthm
(mdframed)              on input line 181.
Package mdframed Info: Not enough space on this page on input line 181.
) [28 <./Images/Elektriciteit/Caviteit.png>]
(./Chapters/Elektriciteit/Condensatoren en dilektrica.tex
Package mdframed Info: mdframed detected package amsthm 
 changed the theorem header of amsthm
(mdframed)              on input line 1.
<Images/Elektriciteit/Condensator.png, id=340, 963.6pt x 770.88pt>
File: Images/Elektriciteit/Condensator.png Graphic file (type png)
<use Images/Elektriciteit/Condensator.png>
Package pdftex.def Info: Images/Elektriciteit/Condensator.png  used on input li
ne 6.
(pdftex.def)             Requested size: 120.4497pt x 96.35976pt.
Package mdframed Info: mdframed detected package amsthm 
 changed the theorem header of amsthm
(mdframed)              on input line 14.

./Chapters/Elektriciteit/Condensatoren en dilektrica.tex:16: Extra \fi.
\\app ... {\strut Toepassing~\theapp :~#1};}}}\fi 
                                                  \mdfsetup {innertopmargin=...
l.16 ...tcondensator]{Parallelle plaatcondensator}
                                                  
I'm ignoring this; it doesn't match any \if.

Package mdframed Info: mdframed detected package amsthm 
 changed the theorem header of amsthm
(mdframed)              on input line 16.
<Images/Elektriciteit/ParallellePlatenCapaciteit.png, id=341, 261.97874pt x 444
.66125pt>
File: Images/Elektriciteit/ParallellePlatenCapaciteit.png Graphic file (type pn
g)
<use Images/Elektriciteit/ParallellePlatenCapaciteit.png>
Package pdftex.def Info: Images/Elektriciteit/ParallellePlatenCapaciteit.png  u
sed on input line 39.
(pdftex.def)             Requested size: 112.64865pt x 191.2006pt.

Overfull \hbox (23.49902pt too wide) in paragraph at lines 39--40
[][] 
 []

Package mdframed Info: mdframed detected package amsthm 
 changed the theorem header of amsthm
(mdframed)              on input line 42.
[29 <./Images/Elektriciteit/Condensator.png> <./Images/Elektriciteit/Parallelle
PlatenCapaciteit.png>]
Package mdframed Info: mdframed detected package amsthm 
 changed the theorem header of amsthm
(mdframed)              on input line 56.
<Images/Elektriciteit/Parallelleschakeling.png, id=350, 282.05376pt x 319.1925p
t>
File: Images/Elektriciteit/Parallelleschakeling.png Graphic file (type png)
<use Images/Elektriciteit/Parallelleschakeling.png>
Package pdftex.def Info: Images/Elektriciteit/Parallelleschakeling.png  used on
 input line 59.
(pdftex.def)             Requested size: 98.72028pt x 111.71904pt.
Package mdframed Info: mdframed detected package amsthm 
 changed the theorem header of amsthm
(mdframed)              on input line 61.
Package mdframed Info: Not enough space on this page on input line 61.
Package mdframed Info: mdframed detected package amsthm 
 changed the theorem header of amsthm
(mdframed)              on input line 63.
Package mdframed Info: mdframed detected package amsthm 
 changed the theorem header of amsthm
(mdframed)              on input line 69.
Package mdframed Info: mdframed detected package amsthm 
 changed the theorem header of amsthm
(mdframed)              on input line 71.
<Images/Elektriciteit/Serieschakeling.png, id=351, 335.2525pt x 239.89626pt>
File: Images/Elektriciteit/Serieschakeling.png Graphic file (type png)
<use Images/Elektriciteit/Serieschakeling.png>
Package pdftex.def Info: Images/Elektriciteit/Serieschakeling.png  used on inpu
t line 74.
(pdftex.def)             Requested size: 117.34013pt x 83.96494pt.
Package mdframed Info: mdframed detected package amsthm 
 changed the theorem header of amsthm
(mdframed)              on input line 76.
Package mdframed Info: mdframed detected package amsthm 
 changed the theorem header of amsthm
(mdframed)              on input line 78.
Package mdframed Info: mdframed detected package amsthm 
 changed the theorem header of amsthm
(mdframed)              on input line 84.
 [30 <./Images/Elektriciteit/Parallelleschakeling.png> <./Images/Elektriciteit/
Serieschakeling.png>]
Package mdframed Info: mdframed detected package amsthm 
 changed the theorem header of amsthm
(mdframed)              on input line 93.
<Images/Elektriciteit/OpladenGrafieken.jpg, id=363, 1027.84pt x 340.27126pt>
File: Images/Elektriciteit/OpladenGrafieken.jpg Graphic file (type jpg)
<use Images/Elektriciteit/OpladenGrafieken.jpg>
Package pdftex.def Info: Images/Elektriciteit/OpladenGrafieken.jpg  used on inp
ut line 113.
(pdftex.def)             Requested size: 256.95937pt x 85.0676pt.
Package mdframed Info: mdframed detected package amsthm 
 changed the theorem header of amsthm
(mdframed)              on input line 120.
Package mdframed Info: Not enough space on this page on input line 120.
Package mdframed Info: mdframed detected package amsthm 
 changed the theorem header of amsthm
(mdframed)              on input line 122.

Underfull \hbox (badness 10000) in paragraph at lines 128--130

 []

Package mdframed Info: mdframed detected package amsthm 
 changed the theorem header of amsthm
(mdframed)              on input line 136.
[31 <./Images/Elektriciteit/OpladenGrafieken.jpg>]
./Chapters/Elektriciteit/Condensatoren en dilektrica.tex:140: Extra \fi.
\\app ... {\strut Toepassing~\theapp :~#1};}}}\fi 
                                                  \mdfsetup {innertopmargin=...
l.140 ...oleculaire beschrijving van dilektrica}
                                                  
I'm ignoring this; it doesn't match any \if.

Package mdframed Info: mdframed detected package amsthm 
 changed the theorem header of amsthm
(mdframed)              on input line 140.
<Images/Elektriciteit/MoleculaireBeschrijvingVanDielektrica.png, id=370, 179.67
125pt x 820.06375pt>
File: Images/Elektriciteit/MoleculaireBeschrijvingVanDielektrica.png Graphic fi
le (type png)
<use Images/Elektriciteit/MoleculaireBeschrijvingVanDielektrica.png>
Package pdftex.def Info: Images/Elektriciteit/MoleculaireBeschrijvingVanDielekt
rica.png  used on input line 162.
(pdftex.def)             Requested size: 71.86722pt x 328.01968pt.
Package mdframed Info: mdframed detected package amsthm 
 changed the theorem header of amsthm
(mdframed)              on input line 164.
Package mdframed Info: Not enough space on this page on input line 164.
./Chapters/Elektriciteit/Condensatoren en dilektrica.tex:166: Extra \fi.
\\app ... {\strut Toepassing~\theapp :~#1};}}}\fi 
                                                  \mdfsetup {innertopmargin=...
l.166 ...e plaatcondensator met een dilektricum}
                                                  
I'm ignoring this; it doesn't match any \if.

Package mdframed Info: mdframed detected package amsthm 
 changed the theorem header of amsthm
(mdframed)              on input line 166.
Package mdframed Info: mdframed detected package amsthm 
 changed the theorem header of amsthm
(mdframed)              on input line 180.
) [32 <./Images/Elektriciteit/MoleculaireBeschrijvingVanDielektrica.png>]
(./Chapters/Elektriciteit/Stroom en weerstand.tex
Package mdframed Info: mdframed detected package amsthm 
 changed the theorem header of amsthm
(mdframed)              on input line 1.
<Images/Elektriciteit/Stroomzin.png, id=378, 413.545pt x 329.23pt>
File: Images/Elektriciteit/Stroomzin.png Graphic file (type png)
<use Images/Elektriciteit/Stroomzin.png>
Package pdftex.def Info: Images/Elektriciteit/Stroomzin.png  used on input line
 15.
(pdftex.def)             Requested size: 165.41505pt x 131.68965pt.
Package mdframed Info: mdframed detected package amsthm 
 changed the theorem header of amsthm
(mdframed)              on input line 18.

./Chapters/Elektriciteit/Stroom en weerstand.tex:20: Extra \fi.
\\app ... {\strut Toepassing~\theapp :~#1};}}}\fi 
                                                  \mdfsetup {innertopmargin=...
l.20 ...icroscopisch model van elektrische stroom}
                                                  
I'm ignoring this; it doesn't match any \if.

Package mdframed Info: mdframed detected package amsthm 
 changed the theorem header of amsthm
(mdframed)              on input line 20.
<Images/Elektriciteit/MicroscopischStroom.png, id=379, 321.2pt x 112.42pt>
File: Images/Elektriciteit/MicroscopischStroom.png Graphic file (type png)
<use Images/Elektriciteit/MicroscopischStroom.png>
Package pdftex.def Info: Images/Elektriciteit/MicroscopischStroom.png  used on 
input line 34.
(pdftex.def)             Requested size: 160.59961pt x 56.20985pt.
<Images/Elektriciteit/Driftsnelheid.png, id=380, 326.21875pt x 107.40125pt>
File: Images/Elektriciteit/Driftsnelheid.png Graphic file (type png)
<use Images/Elektriciteit/Driftsnelheid.png>
Package pdftex.def Info: Images/Elektriciteit/Driftsnelheid.png  used on input 
line 38.
(pdftex.def)             Requested size: 172.8951pt x 56.92238pt.
Package mdframed Info: mdframed detected package amsthm 
 changed the theorem header of amsthm
(mdframed)              on input line 49.
[33 <./Images/Elektriciteit/Stroomzin.png> <./Images/Elektriciteit/Microscopisc
hStroom.png>]
Package mdframed Info: mdframed detected package amsthm 
 changed the theorem header of amsthm
(mdframed)              on input line 51.
Package mdframed Info: mdframed detected package amsthm 
 changed the theorem header of amsthm
(mdframed)              on input line 69.
 [34 <./Images/Elektriciteit/Driftsnelheid.png>]
Package mdframed Info: mdframed detected package amsthm 
 changed the theorem header of amsthm
(mdframed)              on input line 73.
<Images/Elektriciteit/GrafiekOhmseMaterialen.png, id=395, 1035.87pt x 409.53pt>

File: Images/Elektriciteit/GrafiekOhmseMaterialen.png Graphic file (type png)
<use Images/Elektriciteit/GrafiekOhmseMaterialen.png>
Package pdftex.def Info: Images/Elektriciteit/GrafiekOhmseMaterialen.png  used 
on input line 84.
(pdftex.def)             Requested size: 207.17032pt x 81.90454pt.
Package mdframed Info: mdframed detected package amsthm 
 changed the theorem header of amsthm
(mdframed)              on input line 90.
Package mdframed Info: Not enough space on this page on input line 90.
Package mdframed Info: mdframed detected package amsthm 
 changed the theorem header of amsthm
(mdframed)              on input line 92.
Package mdframed Info: mdframed detected package amsthm 
 changed the theorem header of amsthm
(mdframed)              on input line 107.
) [35 <./Images/Elektriciteit/GrafiekOhmseMaterialen.png>]
(./Chapters/Elektriciteit/Gelijkstroomschakelingen.tex
Package mdframed Info: mdframed detected package amsthm 
 changed the theorem header of amsthm
(mdframed)              on input line 1.
<Images/Elektriciteit/Source.png, id=403, 289.08pt x 211.79124pt>
File: Images/Elektriciteit/Source.png Graphic file (type png)
<use Images/Elektriciteit/Source.png>
Package pdftex.def Info: Images/Elektriciteit/Source.png  used on input line 11
.
(pdftex.def)             Requested size: 130.0848pt x 95.30518pt.
<Images/Elektriciteit/EMFgrafiek.png, id=404, 367.3725pt x 316.18124pt>
File: Images/Elektriciteit/EMFgrafiek.png Graphic file (type png)
<use Images/Elektriciteit/EMFgrafiek.png>
Package pdftex.def Info: Images/Elektriciteit/EMFgrafiek.png  used on input lin
e 14.
(pdftex.def)             Requested size: 128.58229pt x 110.66508pt.
Package mdframed Info: mdframed detected package amsthm 
 changed the theorem header of amsthm
(mdframed)              on input line 21.
Package mdframed Info: mdframed detected package amsthm 
 changed the theorem header of amsthm
(mdframed)              on input line 23.
Package mdframed Info: mdframed detected package amsthm 
 changed the theorem header of amsthm
(mdframed)              on input line 33.
Package mdframed Info: mdframed detected package amsthm 
 changed the theorem header of amsthm
(mdframed)              on input line 51.
Package mdframed Info: mdframed detected package amsthm 
 changed the theorem header of amsthm
(mdframed)              on input line 57.
Package mdframed Info: mdframed detected package amsthm 
 changed the theorem header of amsthm
(mdframed)              on input line 59.
Package mdframed Info: mdframed detected package amsthm 
 changed the theorem header of amsthm
(mdframed)              on input line 65.
 [36 <./Images/Elektriciteit/Source.png> <./Images/Elektriciteit/EMFgrafiek.png
>]
./Chapters/Elektriciteit/Gelijkstroomschakelingen.tex:69: Extra \fi.
\\app ... {\strut Toepassing~\theapp :~#1};}}}\fi 
                                                  \mdfsetup {innertopmargin=...
l.69 \begin{app}[RC-kringen]{RC-kringen}
                                        
I'm ignoring this; it doesn't match any \if.

Package mdframed Info: mdframed detected package amsthm 
 changed the theorem header of amsthm
(mdframed)              on input line 69.
<Images/Elektriciteit/RC-kring.png, id=416, 673.51625pt x 289.08pt>
File: Images/Elektriciteit/RC-kring.png Graphic file (type png)
<use Images/Elektriciteit/RC-kring.png>
Package pdftex.def Info: Images/Elektriciteit/RC-kring.png  used on input line 
77.
(pdftex.def)             Requested size: 202.05643pt x 86.72466pt.

Underfull \hbox (badness 10000) in paragraph at lines 90--104

 []

Package mdframed Info: mdframed detected package amsthm 
 changed the theorem header of amsthm
(mdframed)              on input line 124.
Package mdframed Info: Not enough space on this page on input line 124.
) [37 <./Images/Elektriciteit/RC-kring.png>] [38]
(./Chapters/Magnetisme/Magnetisme.tex
Package mdframed Info: mdframed detected package amsthm 
 changed the theorem header of amsthm
(mdframed)              on input line 1.
<Images/Magnetisme/HomogeenMagnetischVeld.png, id=428, 194.7275pt x 189.70876pt
>
File: Images/Magnetisme/HomogeenMagnetischVeld.png Graphic file (type png)
<use Images/Magnetisme/HomogeenMagnetischVeld.png>
Package pdftex.def Info: Images/Magnetisme/HomogeenMagnetischVeld.png  used on 
input line 13.
(pdftex.def)             Requested size: 101.25887pt x 98.64911pt.
Package mdframed Info: mdframed detected package amsthm 
 changed the theorem header of amsthm
(mdframed)              on input line 27.
Package mdframed Info: mdframed detected package amsthm 
 changed the theorem header of amsthm
(mdframed)              on input line 42.
<Images/Magnetisme/MagnetischeKracht.png, id=429, 557.08125pt x 199.74625pt>
File: Images/Magnetisme/MagnetischeKracht.png Graphic file (type png)
<use Images/Magnetisme/MagnetischeKracht.png>
Package pdftex.def Info: Images/Magnetisme/MagnetischeKracht.png  used on input
 line 49.
(pdftex.def)             Requested size: 250.68425pt x 89.88498pt.
<Images/Magnetisme/DraadHomogeenVeld.png, id=430, 417.56pt x 327.2225pt>
File: Images/Magnetisme/DraadHomogeenVeld.png Graphic file (type png)
<use Images/Magnetisme/DraadHomogeenVeld.png>
Package pdftex.def Info: Images/Magnetisme/DraadHomogeenVeld.png  used on input
 line 59.
(pdftex.def)             Requested size: 104.38974pt x 81.80542pt.

Overfull \hbox (10.7782pt too wide) in paragraph at lines 59--60
[][] 
 []

Package mdframed Info: mdframed detected package amsthm 
 changed the theorem header of amsthm
(mdframed)              on input line 61.
[39 <./Images/Magnetisme/HomogeenMagnetischVeld.png> <./Images/Magnetisme/Magne
tischeKracht.png> <./Images/Magnetisme/DraadHomogeenVeld.png>]
Package mdframed Info: mdframed detected package amsthm 
 changed the theorem header of amsthm
(mdframed)              on input line 94.
<Images/Magnetisme/MagnetischeKrachtOpBewgendeLading.png, id=440, 553.06625pt x
 416.55624pt>
File: Images/Magnetisme/MagnetischeKrachtOpBewgendeLading.png Graphic file (typ
e png)
<use Images/Magnetisme/MagnetischeKrachtOpBewgendeLading.png>
Package pdftex.def Info: Images/Magnetisme/MagnetischeKrachtOpBewgendeLading.pn
g  used on input line 101.
(pdftex.def)             Requested size: 138.26622pt x 104.1388pt.
Package mdframed Info: mdframed detected package amsthm 
 changed the theorem header of amsthm
(mdframed)              on input line 103.
Package mdframed Info: Not enough space on this page on input line 103.

./Chapters/Magnetisme/Magnetisme.tex:105: Extra \fi.
\\vrg ...\strut Vergelijking~\thevrg :~#1};}}}\fi 
                                                  \mdfsetup {innertopmargin=...
l.105 ...tussen elektrische en magnetische kracht}
                                                  
I'm ignoring this; it doesn't match any \if.

Package mdframed Info: mdframed detected package amsthm 
 changed the theorem header of amsthm
(mdframed)              on input line 105.

Overfull \hbox (8.80048pt too wide) in paragraph at lines 108--115
[]  []
 []

Package mdframed Info: mdframed detected package amsthm 
 changed the theorem header of amsthm
(mdframed)              on input line 115.
./Chapters/Magnetisme/Magnetisme.tex:117: Extra \fi.
\\app ... {\strut Toepassing~\theapp :~#1};}}}\fi 
                                                  \mdfsetup {innertopmargin=...
l.117 ...in een vlak loodrecht op magnetisch veld}
                                                  
I'm ignoring this; it doesn't match any \if.

Package mdframed Info: mdframed detected package amsthm 
 changed the theorem header of amsthm
(mdframed)              on input line 117.
<Images/Magnetisme/CirkelvormigeBewegingMagentischVeld.png, id=441, 367.3725pt 
x 382.42876pt>
File: Images/Magnetisme/CirkelvormigeBewegingMagentischVeld.png Graphic file (t
ype png)
<use Images/Magnetisme/CirkelvormigeBewegingMagentischVeld.png>
Package pdftex.def Info: Images/Magnetisme/CirkelvormigeBewegingMagentischVeld.
png  used on input line 132.
(pdftex.def)             Requested size: 128.58229pt x 133.85207pt.
Package mdframed Info: mdframed detected package amsthm 
 changed the theorem header of amsthm
(mdframed)              on input line 134.
[40 <./Images/Magnetisme/MagnetischeKrachtOpBewgendeLading.png> <./Images/Magne
tisme/CirkelvormigeBewegingMagentischVeld.png>]
Package mdframed Info: mdframed detected package amsthm 
 changed the theorem header of amsthm
(mdframed)              on input line 138.
<Images/Magnetisme/MagnetischDipoolMoment.png, id=451, 302.12875pt x 749.80125p
t>
File: Images/Magnetisme/MagnetischDipoolMoment.png Graphic file (type png)
<use Images/Magnetisme/MagnetischDipoolMoment.png>
Package pdftex.def Info: Images/Magnetisme/MagnetischDipoolMoment.png  used on 
input line 172.
(pdftex.def)             Requested size: 105.74664pt x 262.43437pt.

Overfull \hbox (16.59702pt too wide) in paragraph at lines 172--173
[][] 
 []

Package mdframed Info: mdframed detected package amsthm 
 changed the theorem header of amsthm
(mdframed)              on input line 176.
Package mdframed Info: Not enough space on this page on input line 176.
./Chapters/Magnetisme/Magnetisme.tex:178: Extra \fi.
\\vrg ...\strut Vergelijking~\thevrg :~#1};}}}\fi 
                                                  \mdfsetup {innertopmargin=...
l.178 ...et magnetisch en elektrisch dipoolmoment}
                                                  
I'm ignoring this; it doesn't match any \if.

Package mdframed Info: mdframed detected package amsthm 
 changed the theorem header of amsthm
(mdframed)              on input line 178.
Package mdframed Info: mdframed detected package amsthm 
 changed the theorem header of amsthm
(mdframed)              on input line 187.
[41 <./Images/Magnetisme/MagnetischDipoolMoment.png>]
Package mdframed Info: mdframed detected package amsthm 
 changed the theorem header of amsthm
(mdframed)              on input line 191.
<Images/Magnetisme/HallEffect.png, id=460, 344.28625pt x 442.65375pt>
File: Images/Magnetisme/HallEffect.png Graphic file (type png)
<use Images/Magnetisme/HallEffect.png>
Package pdftex.def Info: Images/Magnetisme/HallEffect.png  used on input line 2
09.
(pdftex.def)             Requested size: 103.28667pt x 132.79713pt.

Overfull \hbox (23.05403pt too wide) in paragraph at lines 209--210
[][] 
 []

Package mdframed Info: mdframed detected package amsthm 
 changed the theorem header of amsthm
(mdframed)              on input line 213.
Package mdframed Info: Not enough space on this page on input line 213.
./Chapters/Magnetisme/Magnetisme.tex:215: Extra \fi.
\\summ ...trut Samenvatting~\thesumm :~#1};}}}\fi 
                                                  \mdfsetup {innertopmargin=...
l.215 ...mm}[Rechterhandregels]{Rechterhandregels}
                                                  
I'm ignoring this; it doesn't match any \if.

Package mdframed Info: mdframed detected package amsthm 
 changed the theorem header of amsthm
(mdframed)              on input line 215.
<Images/Magnetisme/RechterhandRegels.png, id=461, 964.60374pt x 520.94624pt>
File: Images/Magnetisme/RechterhandRegels.png Graphic file (type png)
<use Images/Magnetisme/RechterhandRegels.png>
Package pdftex.def Info: Images/Magnetisme/RechterhandRegels.png  used on input
 line 217.
(pdftex.def)             Requested size: 434.06767pt x 234.42365pt.
Package mdframed Info: mdframed detected package amsthm 
 changed the theorem header of amsthm
(mdframed)              on input line 218.
) [42 <./Images/Magnetisme/HallEffect.png> <./Images/Magnetisme/RechterhandRege
ls.png>] (./Chapters/Magnetisme/Bronnen van magnetische velden.tex
Package mdframed Info: mdframed detected package amsthm 
 changed the theorem header of amsthm
(mdframed)              on input line 1.
<Images/Magnetisme/MagnetischVeldTenGevolgeRechteDraad.png, id=471, 259.97125pt
 x 429.605pt>
File: Images/Magnetisme/MagnetischVeldTenGevolgeRechteDraad.png Graphic file (t
ype png)
<use Images/Magnetisme/MagnetischVeldTenGevolgeRechteDraad.png>
Package pdftex.def Info: Images/Magnetisme/MagnetischVeldTenGevolgeRechteDraad.
png  used on input line 17.
(pdftex.def)             Requested size: 58.49496pt x 96.6635pt.

Overfull \hbox (18.37865pt too wide) in paragraph at lines 17--18
[][] 
 []

Package mdframed Info: mdframed detected package amsthm 
 changed the theorem header of amsthm
(mdframed)              on input line 19.
./Chapters/Magnetisme/Bronnen van magnetische velden.tex:21: Extra \fi.
\\app ... {\strut Toepassing~\theapp :~#1};}}}\fi 
                                                  \mdfsetup {innertopmargin=...
l.21 ...sche kracht tussen twee parallelle draden}
                                                  
I'm ignoring this; it doesn't match any \if.

Package mdframed Info: mdframed detected package amsthm 
 changed the theorem header of amsthm
(mdframed)              on input line 21.
<Images/Magnetisme/MagnetischeKrachtTussenTweeParallelleDraden.png, id=472, 395
.4775pt x 509.905pt>
File: Images/Magnetisme/MagnetischeKrachtTussenTweeParallelleDraden.png Graphic
 file (type png)
<use Images/Magnetisme/MagnetischeKrachtTussenTweeParallelleDraden.png>
Package pdftex.def Info: Images/Magnetisme/MagnetischeKrachtTussenTweeParallell
eDraden.png  used on input line 34.
(pdftex.def)             Requested size: 88.98462pt x 114.73145pt.

Overfull \hbox (4.29008pt too wide) in paragraph at lines 34--35
[][] 
 []

Package mdframed Info: mdframed detected package amsthm 
 changed the theorem header of amsthm
(mdframed)              on input line 41.
Package mdframed Info: mdframed detected package amsthm 
 changed the theorem header of amsthm
(mdframed)              on input line 43.
<Images/Magnetisme/WetVanAmpere.png, id=473, 300.12125pt x 342.27875pt>
File: Images/Magnetisme/WetVanAmpere.png Graphic file (type png)
<use Images/Magnetisme/WetVanAmpere.png>
Package pdftex.def Info: Images/Magnetisme/WetVanAmpere.png  used on input line
 51.
(pdftex.def)             Requested size: 90.03706pt x 102.6844pt.

Overfull \hbox (14.25954pt too wide) in paragraph at lines 51--52
[][] 
 []

Package mdframed Info: mdframed detected package amsthm 
 changed the theorem header of amsthm
(mdframed)              on input line 53.
[43 <./Images/Magnetisme/MagnetischVeldTenGevolgeRechteDraad.png> <./Images/Mag
netisme/MagnetischeKrachtTussenTweeParallelleDraden.png> <./Images/Magnetisme/W
etVanAmpere.png>]
Package mdframed Info: mdframed detected package amsthm 
 changed the theorem header of amsthm
(mdframed)              on input line 57.
<Images/Magnetisme/Spoel.png, id=484, 351.3125pt x 173.64874pt>
File: Images/Magnetisme/Spoel.png Graphic file (type png)
<use Images/Magnetisme/Spoel.png>
Package pdftex.def Info: Images/Magnetisme/Spoel.png  used on input line 65.
(pdftex.def)             Requested size: 140.5225pt x 69.45825pt.
<Images/Magnetisme/SpoelMagnetischVeld.png, id=485, 700.6175pt x 295.1025pt>
File: Images/Magnetisme/SpoelMagnetischVeld.png Graphic file (type png)
<use Images/Magnetisme/SpoelMagnetischVeld.png>
Package pdftex.def Info: Images/Magnetisme/SpoelMagnetischVeld.png  used on inp
ut line 91.
(pdftex.def)             Requested size: 210.18686pt x 88.53142pt.
Package mdframed Info: mdframed detected package amsthm 
 changed the theorem header of amsthm
(mdframed)              on input line 100.
Package mdframed Info: Not enough space on this page on input line 100.
 [44 <./Images/Magnetisme/Spoel.png> <./Images/Magnetisme/SpoelMagnetischVeld.p
ng>]
Package mdframed Info: mdframed detected package amsthm 
 changed the theorem header of amsthm
(mdframed)              on input line 104.
Package mdframed Info: mdframed detected package amsthm 
 changed the theorem header of amsthm
(mdframed)              on input line 121.
Package mdframed Info: Not enough space on this page on input line 121.
) [45]
This exam contains 0 questions with 0 parts, 0 subparts, and 0 subsubparts.
(/Users/pietervds/Homework/Bach3Sem1/Nat2/Samenvatting/out/main.aux)
 ***********
LaTeX2e <2023-06-01> patch level 1
L3 programming layer <2023-08-11>
 ***********
Package rerunfilecheck Info: File `main.out' has not changed.
(rerunfilecheck)             Checksum: F3523C864C24724A87865488F5B5602F;2948.
 ) 
Here is how much of TeX's memory you used:
 25542 strings out of 475189
 490405 string characters out of 5763832
 1940254 words of memory out of 5000000
 46173 multiletter control sequences out of 15000+600000
 566579 words of font info for 69 fonts, out of 8000000 for 9000
 1141 hyphenation exceptions out of 8191
 109i,16n,114p,758b,1019s stack positions out of 10000i,1000n,20000p,200000b,200000s
</usr/local/texlive/2023/texmf-dist/fonts/type1/public/amsfonts/cm/cmbx10.pfb
></usr/local/texlive/2023/texmf-dist/fonts/type1/public/amsfonts/cm/cmbx12.pfb>
</usr/local/texlive/2023/texmf-dist/fonts/type1/public/amsfonts/cm/cmex10.pfb><
/usr/local/texlive/2023/texmf-dist/fonts/type1/public/amsfonts/cm/cmmi10.pfb></
usr/local/texlive/2023/texmf-dist/fonts/type1/public/amsfonts/cm/cmmi5.pfb></us
r/local/texlive/2023/texmf-dist/fonts/type1/public/amsfonts/cm/cmmi7.pfb></usr/
local/texlive/2023/texmf-dist/fonts/type1/public/amsfonts/cm/cmr10.pfb></usr/lo
cal/texlive/2023/texmf-dist/fonts/type1/public/amsfonts/cm/cmr12.pfb></usr/loca
l/texlive/2023/texmf-dist/fonts/type1/public/amsfonts/cm/cmr17.pfb></usr/local/
texlive/2023/texmf-dist/fonts/type1/public/amsfonts/cm/cmr5.pfb></usr/local/tex
live/2023/texmf-dist/fonts/type1/public/amsfonts/cm/cmr7.pfb></usr/local/texliv
e/2023/texmf-dist/fonts/type1/public/amsfonts/cm/cmsy10.pfb></usr/local/texlive
/2023/texmf-dist/fonts/type1/public/amsfonts/cm/cmsy7.pfb></usr/local/texlive/2
023/texmf-dist/fonts/type1/public/cm-super/sfrm1000.pfb>
Output written on /Users/pietervds/Homework/Bach3Sem1/Nat2/Samenvatting/out/mai
n.pdf (46 pages, 4364691 bytes).
PDF statistics:
 599 PDF objects out of 1000 (max. 8388607)
 435 compressed objects within 5 object streams
 177 named destinations out of 1000 (max. 500000)
 359 words of extra memory for PDF output out of 10000 (max. 10000000)

